TpTrace Verbose: 0 : 26848, 1, 2024/01/15, 12:59:27.212, 1098137593663, vstest.console.dll, Version: 17.7.1-release-23418-01 Current process architecture: X64
TpTrace Verbose: 0 : 26848, 1, 2024/01/15, 12:59:27.226, 1098137727570, vstest.console.dll, Runtime location: C:\Program Files\dotnet\shared\Microsoft.NETCore.App\7.0.12
TpTrace Verbose: 0 : 26848, 1, 2024/01/15, 12:59:27.248, 1098137946874, vstest.console.dll, ArtifactProcessingPostProcessModeProcessorExecutor.Initialize: ArtifactProcessingMode.Collect
TpTrace Verbose: 0 : 26848, 1, 2024/01/15, 12:59:27.248, 1098137952118, vstest.console.dll, TestSessionCorrelationIdProcessorModeProcessorExecutor.Initialize: TestSessionCorrelationId '24172_1fac852c-6fcd-4457-9040-e7307c3b6693'
TpTrace Information: 0 : 26848, 1, 2024/01/15, 12:59:27.279, 1098138258490, vstest.console.dll, FilePatternParser: The given file C:\Users\User\Documents\GitHub\VVS-Karmela\bin\Debug\net5.0\fine-code-coverage\build-output\Karmela.dll is a full path.
TpTrace Verbose: 0 : 26848, 1, 2024/01/15, 12:59:27.312, 1098138588502, vstest.console.dll, TestPluginCache.DiscoverTestExtensions: finding test extensions in assemblies ends with: RuntimeProvider.dll TPluginInfo: Microsoft.VisualStudio.TestPlatform.Common.ExtensionFramework.Utilities.TestRuntimePluginInformation TExtension: Microsoft.VisualStudio.TestPlatform.ObjectModel.Host.ITestRuntimeProvider
TpTrace Verbose: 0 : 26848, 1, 2024/01/15, 12:59:27.313, 1098138596016, vstest.console.dll, TestPluginCache.GetExtensionPaths: Filtered extension paths: 
TpTrace Verbose: 0 : 26848, 1, 2024/01/15, 12:59:27.313, 1098138597997, vstest.console.dll, TestPluginCache.GetExtensionPaths: Added default extension paths: C:\Program Files\dotnet\sdk\7.0.402\Extensions\Microsoft.Diagnostics.NETCore.Client.dll
C:\Program Files\dotnet\sdk\7.0.402\Extensions\Microsoft.TestPlatform.Extensions.BlameDataCollector.dll
C:\Program Files\dotnet\sdk\7.0.402\Extensions\Microsoft.TestPlatform.Extensions.EventLogCollector.dll
C:\Program Files\dotnet\sdk\7.0.402\Extensions\Microsoft.TestPlatform.TestHostRuntimeProvider.dll
C:\Program Files\dotnet\sdk\7.0.402\Extensions\Microsoft.VisualStudio.TestPlatform.Extensions.Html.TestLogger.dll
C:\Program Files\dotnet\sdk\7.0.402\Extensions\Microsoft.VisualStudio.TestPlatform.Extensions.Trx.TestLogger.dll
TpTrace Verbose: 0 : 26848, 1, 2024/01/15, 12:59:27.313, 1098138598711, vstest.console.dll, TestPluginCache.GetExtensionPaths: Added unfilterableExtensionPaths: 
TpTrace Information: 0 : 26848, 1, 2024/01/15, 12:59:27.316, 1098138630961, vstest.console.dll, AssemblyResolver.ctor: Creating AssemblyResolver with searchDirectories C:\Program Files\dotnet\sdk\7.0.402\Extensions,C:\Program Files\dotnet\sdk\7.0.402
TpTrace Verbose: 0 : 26848, 1, 2024/01/15, 12:59:27.320, 1098138674429, vstest.console.dll, TestPluginCache.DiscoverTestExtensions: Discovering the extensions using extension path.
TpTrace Verbose: 0 : 26848, 1, 2024/01/15, 12:59:27.321, 1098138676232, vstest.console.dll, TestPluginCache.GetExtensionPaths: Filtered extension paths: 
TpTrace Verbose: 0 : 26848, 1, 2024/01/15, 12:59:27.321, 1098138676839, vstest.console.dll, TestPluginCache.GetExtensionPaths: Added default extension paths: C:\Program Files\dotnet\sdk\7.0.402\Extensions\Microsoft.Diagnostics.NETCore.Client.dll
C:\Program Files\dotnet\sdk\7.0.402\Extensions\Microsoft.TestPlatform.Extensions.BlameDataCollector.dll
C:\Program Files\dotnet\sdk\7.0.402\Extensions\Microsoft.TestPlatform.Extensions.EventLogCollector.dll
C:\Program Files\dotnet\sdk\7.0.402\Extensions\Microsoft.TestPlatform.TestHostRuntimeProvider.dll
C:\Program Files\dotnet\sdk\7.0.402\Extensions\Microsoft.VisualStudio.TestPlatform.Extensions.Html.TestLogger.dll
C:\Program Files\dotnet\sdk\7.0.402\Extensions\Microsoft.VisualStudio.TestPlatform.Extensions.Trx.TestLogger.dll
TpTrace Verbose: 0 : 26848, 1, 2024/01/15, 12:59:27.321, 1098138677219, vstest.console.dll, TestPluginCache.GetExtensionPaths: Added unfilterableExtensionPaths: 
TpTrace Verbose: 0 : 26848, 1, 2024/01/15, 12:59:27.321, 1098138678665, vstest.console.dll, TestPluginCache.DiscoverTestExtensions: Discovering the extensions using allExtensionPaths: C:\Program Files\dotnet\sdk\7.0.402\Extensions\Microsoft.Diagnostics.NETCore.Client.dll
C:\Program Files\dotnet\sdk\7.0.402\Extensions\Microsoft.TestPlatform.Extensions.BlameDataCollector.dll
C:\Program Files\dotnet\sdk\7.0.402\Extensions\Microsoft.TestPlatform.Extensions.EventLogCollector.dll
C:\Program Files\dotnet\sdk\7.0.402\Extensions\Microsoft.TestPlatform.TestHostRuntimeProvider.dll
C:\Program Files\dotnet\sdk\7.0.402\Extensions\Microsoft.VisualStudio.TestPlatform.Extensions.Html.TestLogger.dll
C:\Program Files\dotnet\sdk\7.0.402\Extensions\Microsoft.VisualStudio.TestPlatform.Extensions.Trx.TestLogger.dll
TpTrace Information: 0 : 26848, 1, 2024/01/15, 12:59:27.321, 1098138681816, vstest.console.dll, AssemblyResolver.AddSearchDirectories: Adding more searchDirectories C:\Program Files\dotnet\sdk\7.0.402\Extensions,C:\Program Files\dotnet\sdk\7.0.402
TpTrace Information: 0 : 26848, 1, 2024/01/15, 12:59:27.321, 1098138682685, vstest.console.dll, AssemblyResolver.AddSearchDirectories: Adding more searchDirectories C:\Program Files\dotnet\sdk\7.0.402\Extensions,C:\Program Files\dotnet\sdk\7.0.402
TpTrace Information: 0 : 26848, 1, 2024/01/15, 12:59:27.321, 1098138683177, vstest.console.dll, AssemblyResolver.AddSearchDirectories: Adding more searchDirectories C:\Program Files\dotnet\sdk\7.0.402\Extensions,C:\Program Files\dotnet\sdk\7.0.402
TpTrace Information: 0 : 26848, 1, 2024/01/15, 12:59:27.321, 1098138683542, vstest.console.dll, AssemblyResolver.AddSearchDirectories: Adding more searchDirectories C:\Program Files\dotnet\sdk\7.0.402\Extensions,C:\Program Files\dotnet\sdk\7.0.402
TpTrace Information: 0 : 26848, 1, 2024/01/15, 12:59:27.321, 1098138683879, vstest.console.dll, AssemblyResolver.AddSearchDirectories: Adding more searchDirectories C:\Program Files\dotnet\sdk\7.0.402\Extensions,C:\Program Files\dotnet\sdk\7.0.402
TpTrace Information: 0 : 26848, 1, 2024/01/15, 12:59:27.321, 1098138684212, vstest.console.dll, AssemblyResolver.AddSearchDirectories: Adding more searchDirectories C:\Program Files\dotnet\sdk\7.0.402\Extensions,C:\Program Files\dotnet\sdk\7.0.402
TpTrace Information: 0 : 26848, 1, 2024/01/15, 12:59:27.322, 1098138688762, vstest.console.dll, AssemblyResolver.OnResolve: Microsoft.Diagnostics.NETCore.Client: Resolving assembly.
TpTrace Information: 0 : 26848, 1, 2024/01/15, 12:59:27.322, 1098138689584, vstest.console.dll, AssemblyResolver.OnResolve: Microsoft.Diagnostics.NETCore.Client: Searching in: 'C:\Program Files\dotnet\sdk\7.0.402\Extensions'.
TpTrace Information: 0 : 26848, 1, 2024/01/15, 12:59:27.334, 1098138810819, vstest.console.dll, AssemblyResolver.OnResolve: Microsoft.Diagnostics.NETCore.Client: Loading assembly 'C:\Program Files\dotnet\sdk\7.0.402\Extensions\Microsoft.Diagnostics.NETCore.Client.dll'.
TpTrace Information: 0 : 26848, 1, 2024/01/15, 12:59:27.336, 1098138832849, vstest.console.dll, AssemblyResolver.OnResolve: Resolved assembly: Microsoft.Diagnostics.NETCore.Client, from path: C:\Program Files\dotnet\sdk\7.0.402\Extensions\Microsoft.Diagnostics.NETCore.Client.dll
TpTrace Verbose: 0 : 26848, 1, 2024/01/15, 12:59:27.338, 1098138846803, vstest.console.dll, MetadataReaderExtensionsHelper: Discovering extensions inside assembly 'Microsoft.Diagnostics.NETCore.Client, Version=0.2.8.21101, Culture=neutral, PublicKeyToken=31bf3856ad364e35' file path 'C:\Program Files\dotnet\sdk\7.0.402\Extensions\Microsoft.Diagnostics.NETCore.Client.dll'
TpTrace Information: 0 : 26848, 1, 2024/01/15, 12:59:27.343, 1098138898269, vstest.console.dll, AssemblyResolver.OnResolve: Microsoft.Bcl.AsyncInterfaces: Resolving assembly.
TpTrace Information: 0 : 26848, 1, 2024/01/15, 12:59:27.343, 1098138899655, vstest.console.dll, AssemblyResolver.OnResolve: Microsoft.Bcl.AsyncInterfaces: Searching in: 'C:\Program Files\dotnet\sdk\7.0.402\Extensions'.
TpTrace Information: 0 : 26848, 1, 2024/01/15, 12:59:27.343, 1098138900301, vstest.console.dll, AssemblyResolver.OnResolve: Microsoft.Bcl.AsyncInterfaces: Assembly path does not exist: 'C:\Program Files\dotnet\sdk\7.0.402\Extensions\Microsoft.Bcl.AsyncInterfaces.dll', returning.
TpTrace Information: 0 : 26848, 1, 2024/01/15, 12:59:27.343, 1098138901148, vstest.console.dll, AssemblyResolver.OnResolve: Microsoft.Bcl.AsyncInterfaces: Assembly path does not exist: 'C:\Program Files\dotnet\sdk\7.0.402\Extensions\Microsoft.Bcl.AsyncInterfaces.exe', returning.
TpTrace Information: 0 : 26848, 1, 2024/01/15, 12:59:27.343, 1098138901453, vstest.console.dll, AssemblyResolver.OnResolve: Microsoft.Bcl.AsyncInterfaces: Searching in: 'C:\Program Files\dotnet\sdk\7.0.402'.
TpTrace Information: 0 : 26848, 1, 2024/01/15, 12:59:27.343, 1098138901895, vstest.console.dll, AssemblyResolver.OnResolve: Microsoft.Bcl.AsyncInterfaces: Assembly path does not exist: 'C:\Program Files\dotnet\sdk\7.0.402\Microsoft.Bcl.AsyncInterfaces.dll', returning.
TpTrace Information: 0 : 26848, 1, 2024/01/15, 12:59:27.343, 1098138902366, vstest.console.dll, AssemblyResolver.OnResolve: Microsoft.Bcl.AsyncInterfaces: Assembly path does not exist: 'C:\Program Files\dotnet\sdk\7.0.402\Microsoft.Bcl.AsyncInterfaces.exe', returning.
TpTrace Information: 0 : 26848, 1, 2024/01/15, 12:59:27.343, 1098138902658, vstest.console.dll, AssemblyResolver.OnResolve: Microsoft.Bcl.AsyncInterfaces: Failed to load assembly.
TpTrace Verbose: 0 : 26848, 1, 2024/01/15, 12:59:27.343, 1098138902968, vstest.console.dll, CurrentDomainAssemblyResolve: Resolving assembly 'Microsoft.Bcl.AsyncInterfaces'.
TpTrace Information: 0 : 26848, 1, 2024/01/15, 12:59:27.343, 1098138903456, vstest.console.dll, AssemblyResolver.OnResolve: Microsoft.Bcl.AsyncInterfaces: Resolving assembly.
TpTrace Information: 0 : 26848, 1, 2024/01/15, 12:59:27.343, 1098138903791, vstest.console.dll, AssemblyResolver.OnResolve: Microsoft.Bcl.AsyncInterfaces: Resolved from cache.
TpTrace Verbose: 0 : 26848, 1, 2024/01/15, 12:59:27.343, 1098138904024, vstest.console.dll, CurrentDomainAssemblyResolve: Resolving assembly 'Microsoft.Bcl.AsyncInterfaces'.
TpTrace Verbose: 0 : 26848, 1, 2024/01/15, 12:59:27.343, 1098138904322, vstest.console.dll, CurrentDomainAssemblyResolve: Failed to resolve assembly 'Microsoft.Bcl.AsyncInterfaces'.
TpTrace Verbose: 0 : 26848, 1, 2024/01/15, 12:59:27.352, 1098138994083, vstest.console.dll, CurrentDomainAssemblyResolve: Failed to resolve assembly 'Microsoft.Bcl.AsyncInterfaces'.
TpTrace Warning: 0 : 26848, 1, 2024/01/15, 12:59:27.376, 1098139231605, vstest.console.dll, TestPluginDiscoverer: Failed to get types from assembly 'Microsoft.Diagnostics.NETCore.Client, Version=0.2.8.21101, Culture=neutral, PublicKeyToken=31bf3856ad364e35'. Error: System.Reflection.ReflectionTypeLoadException: Unable to load one or more of the requested types.
Could not load file or assembly 'Microsoft.Bcl.AsyncInterfaces, Version=1.0.0.0, Culture=neutral, PublicKeyToken=cc7b13ffcd2ddd51'. The system cannot find the file specified.
   at System.Reflection.RuntimeModule.GetTypes(RuntimeModule module)
   at System.Reflection.Assembly.GetTypes()
   at Microsoft.VisualStudio.TestPlatform.Common.ExtensionFramework.TestPluginDiscoverer.GetTestExtensionsFromAssembly[TPluginInfo,TExtension](Assembly assembly, Dictionary`2 pluginInfos, String filePath) in /_/src/Microsoft.TestPlatform.Common/ExtensionFramework/TestPluginDiscoverer.cs:line 158
System.IO.FileNotFoundException: Could not load file or assembly 'Microsoft.Bcl.AsyncInterfaces, Version=1.0.0.0, Culture=neutral, PublicKeyToken=cc7b13ffcd2ddd51'. The system cannot find the file specified.
File name: 'Microsoft.Bcl.AsyncInterfaces, Version=1.0.0.0, Culture=neutral, PublicKeyToken=cc7b13ffcd2ddd51'
 ---> System.IO.FileNotFoundException: Could not load file or assembly 'Microsoft.Bcl.AsyncInterfaces, Culture=neutral, PublicKeyToken=null'. The system cannot find the file specified.
File name: 'Microsoft.Bcl.AsyncInterfaces, Culture=neutral, PublicKeyToken=null'
   at System.Reflection.RuntimeAssembly.InternalLoad(AssemblyName assemblyName, StackCrawlMark& stackMark, AssemblyLoadContext assemblyLoadContext, RuntimeAssembly requestingAssembly, Boolean throwOnFileNotFound)
   at System.Reflection.Assembly.Load(AssemblyName assemblyRef)
   at Microsoft.VisualStudio.TestPlatform.Common.ExtensionFramework.TestPluginCache.CurrentDomainAssemblyResolve(Object sender, AssemblyResolveEventArgs args) in /_/src/Microsoft.TestPlatform.Common/ExtensionFramework/TestPluginCache.cs:line 513
   at System.Runtime.Loader.AssemblyLoadContext.GetFirstResolvedAssemblyFromResolvingEvent(AssemblyName assemblyName)
   at System.Runtime.Loader.AssemblyLoadContext.ResolveUsingEvent(AssemblyName assemblyName)
   at System.Runtime.Loader.AssemblyLoadContext.ResolveUsingResolvingEvent(IntPtr gchManagedAssemblyLoadContext, AssemblyName assemblyName)
TpTrace Warning: 0 : 26848, 1, 2024/01/15, 12:59:27.379, 1098139257475, vstest.console.dll, LoaderExceptions: System.IO.FileNotFoundException: Could not load file or assembly 'Microsoft.Bcl.AsyncInterfaces, Version=1.0.0.0, Culture=neutral, PublicKeyToken=cc7b13ffcd2ddd51'. The system cannot find the file specified.
File name: 'Microsoft.Bcl.AsyncInterfaces, Version=1.0.0.0, Culture=neutral, PublicKeyToken=cc7b13ffcd2ddd51'
 ---> System.IO.FileNotFoundException: Could not load file or assembly 'Microsoft.Bcl.AsyncInterfaces, Culture=neutral, PublicKeyToken=null'. The system cannot find the file specified.
File name: 'Microsoft.Bcl.AsyncInterfaces, Culture=neutral, PublicKeyToken=null'
   at System.Reflection.RuntimeAssembly.InternalLoad(AssemblyName assemblyName, StackCrawlMark& stackMark, AssemblyLoadContext assemblyLoadContext, RuntimeAssembly requestingAssembly, Boolean throwOnFileNotFound)
   at System.Reflection.Assembly.Load(AssemblyName assemblyRef)
   at Microsoft.VisualStudio.TestPlatform.Common.ExtensionFramework.TestPluginCache.CurrentDomainAssemblyResolve(Object sender, AssemblyResolveEventArgs args) in /_/src/Microsoft.TestPlatform.Common/ExtensionFramework/TestPluginCache.cs:line 513
   at System.Runtime.Loader.AssemblyLoadContext.GetFirstResolvedAssemblyFromResolvingEvent(AssemblyName assemblyName)
   at System.Runtime.Loader.AssemblyLoadContext.ResolveUsingEvent(AssemblyName assemblyName)
   at System.Runtime.Loader.AssemblyLoadContext.ResolveUsingResolvingEvent(IntPtr gchManagedAssemblyLoadContext, AssemblyName assemblyName)
TpTrace Information: 0 : 26848, 1, 2024/01/15, 12:59:27.380, 1098139266398, vstest.console.dll, AssemblyResolver.OnResolve: Microsoft.TestPlatform.Extensions.BlameDataCollector: Resolving assembly.
TpTrace Information: 0 : 26848, 1, 2024/01/15, 12:59:27.383, 1098139303804, vstest.console.dll, AssemblyResolver.OnResolve: Microsoft.TestPlatform.Extensions.BlameDataCollector: Searching in: 'C:\Program Files\dotnet\sdk\7.0.402\Extensions'.
TpTrace Information: 0 : 26848, 1, 2024/01/15, 12:59:27.384, 1098139314556, vstest.console.dll, AssemblyResolver.OnResolve: Microsoft.TestPlatform.Extensions.BlameDataCollector: Loading assembly 'C:\Program Files\dotnet\sdk\7.0.402\Extensions\Microsoft.TestPlatform.Extensions.BlameDataCollector.dll'.
TpTrace Information: 0 : 26848, 1, 2024/01/15, 12:59:27.385, 1098139322870, vstest.console.dll, AssemblyResolver.OnResolve: Resolved assembly: Microsoft.TestPlatform.Extensions.BlameDataCollector, from path: C:\Program Files\dotnet\sdk\7.0.402\Extensions\Microsoft.TestPlatform.Extensions.BlameDataCollector.dll
TpTrace Verbose: 0 : 26848, 1, 2024/01/15, 12:59:27.385, 1098139324645, vstest.console.dll, MetadataReaderExtensionsHelper: Discovering extensions inside assembly 'Microsoft.TestPlatform.Extensions.BlameDataCollector, Version=15.0.0.0, Culture=neutral, PublicKeyToken=b03f5f7f11d50a3a' file path 'C:\Program Files\dotnet\sdk\7.0.402\Extensions\Microsoft.TestPlatform.Extensions.BlameDataCollector.dll'
TpTrace Information: 0 : 26848, 1, 2024/01/15, 12:59:27.388, 1098139354033, vstest.console.dll, AssemblyResolver.OnResolve: Microsoft.TestPlatform.Extensions.EventLogCollector: Resolving assembly.
TpTrace Information: 0 : 26848, 1, 2024/01/15, 12:59:27.389, 1098139356379, vstest.console.dll, AssemblyResolver.OnResolve: Microsoft.TestPlatform.Extensions.EventLogCollector: Searching in: 'C:\Program Files\dotnet\sdk\7.0.402\Extensions'.
TpTrace Information: 0 : 26848, 1, 2024/01/15, 12:59:27.390, 1098139369314, vstest.console.dll, AssemblyResolver.OnResolve: Microsoft.TestPlatform.Extensions.EventLogCollector: Loading assembly 'C:\Program Files\dotnet\sdk\7.0.402\Extensions\Microsoft.TestPlatform.Extensions.EventLogCollector.dll'.
TpTrace Information: 0 : 26848, 1, 2024/01/15, 12:59:27.391, 1098139383803, vstest.console.dll, AssemblyResolver.OnResolve: Resolved assembly: Microsoft.TestPlatform.Extensions.EventLogCollector, from path: C:\Program Files\dotnet\sdk\7.0.402\Extensions\Microsoft.TestPlatform.Extensions.EventLogCollector.dll
TpTrace Verbose: 0 : 26848, 1, 2024/01/15, 12:59:27.391, 1098139385487, vstest.console.dll, MetadataReaderExtensionsHelper: Discovering extensions inside assembly 'Microsoft.TestPlatform.Extensions.EventLogCollector, Version=15.0.0.0, Culture=neutral, PublicKeyToken=b03f5f7f11d50a3a' file path 'C:\Program Files\dotnet\sdk\7.0.402\Extensions\Microsoft.TestPlatform.Extensions.EventLogCollector.dll'
TpTrace Information: 0 : 26848, 1, 2024/01/15, 12:59:27.396, 1098139429319, vstest.console.dll, AssemblyResolver.OnResolve: Microsoft.TestPlatform.TestHostRuntimeProvider: Resolving assembly.
TpTrace Information: 0 : 26848, 1, 2024/01/15, 12:59:27.396, 1098139430550, vstest.console.dll, AssemblyResolver.OnResolve: Microsoft.TestPlatform.TestHostRuntimeProvider: Searching in: 'C:\Program Files\dotnet\sdk\7.0.402\Extensions'.
TpTrace Information: 0 : 26848, 1, 2024/01/15, 12:59:27.397, 1098139442814, vstest.console.dll, AssemblyResolver.OnResolve: Microsoft.TestPlatform.TestHostRuntimeProvider: Loading assembly 'C:\Program Files\dotnet\sdk\7.0.402\Extensions\Microsoft.TestPlatform.TestHostRuntimeProvider.dll'.
TpTrace Information: 0 : 26848, 1, 2024/01/15, 12:59:27.399, 1098139464629, vstest.console.dll, AssemblyResolver.OnResolve: Resolved assembly: Microsoft.TestPlatform.TestHostRuntimeProvider, from path: C:\Program Files\dotnet\sdk\7.0.402\Extensions\Microsoft.TestPlatform.TestHostRuntimeProvider.dll
TpTrace Verbose: 0 : 26848, 1, 2024/01/15, 12:59:27.400, 1098139467331, vstest.console.dll, MetadataReaderExtensionsHelper: Discovering extensions inside assembly 'Microsoft.TestPlatform.TestHostRuntimeProvider, Version=15.0.0.0, Culture=neutral, PublicKeyToken=b03f5f7f11d50a3a' file path 'C:\Program Files\dotnet\sdk\7.0.402\Extensions\Microsoft.TestPlatform.TestHostRuntimeProvider.dll'
TpTrace Information: 0 : 26848, 1, 2024/01/15, 12:59:27.403, 1098139498043, vstest.console.dll, GetTestExtensionFromType: Register extension with identifier data 'HostProvider://DefaultTestHost' and type 'Microsoft.VisualStudio.TestPlatform.CrossPlatEngine.Hosting.DefaultTestHostManager, Microsoft.TestPlatform.TestHostRuntimeProvider, Version=15.0.0.0, Culture=neutral, PublicKeyToken=b03f5f7f11d50a3a' inside file 'C:\Program Files\dotnet\sdk\7.0.402\Extensions\Microsoft.TestPlatform.TestHostRuntimeProvider.dll'
TpTrace Information: 0 : 26848, 1, 2024/01/15, 12:59:27.403, 1098139501335, vstest.console.dll, GetTestExtensionFromType: Register extension with identifier data 'HostProvider://DotnetTestHost' and type 'Microsoft.VisualStudio.TestPlatform.CrossPlatEngine.Hosting.DotnetTestHostManager, Microsoft.TestPlatform.TestHostRuntimeProvider, Version=15.0.0.0, Culture=neutral, PublicKeyToken=b03f5f7f11d50a3a' inside file 'C:\Program Files\dotnet\sdk\7.0.402\Extensions\Microsoft.TestPlatform.TestHostRuntimeProvider.dll'
TpTrace Information: 0 : 26848, 1, 2024/01/15, 12:59:27.403, 1098139502241, vstest.console.dll, AssemblyResolver.OnResolve: Microsoft.VisualStudio.TestPlatform.Extensions.Html.TestLogger: Resolving assembly.
TpTrace Information: 0 : 26848, 1, 2024/01/15, 12:59:27.403, 1098139502698, vstest.console.dll, AssemblyResolver.OnResolve: Microsoft.VisualStudio.TestPlatform.Extensions.Html.TestLogger: Searching in: 'C:\Program Files\dotnet\sdk\7.0.402\Extensions'.
TpTrace Information: 0 : 26848, 1, 2024/01/15, 12:59:27.404, 1098139510278, vstest.console.dll, AssemblyResolver.OnResolve: Microsoft.VisualStudio.TestPlatform.Extensions.Html.TestLogger: Loading assembly 'C:\Program Files\dotnet\sdk\7.0.402\Extensions\Microsoft.VisualStudio.TestPlatform.Extensions.Html.TestLogger.dll'.
TpTrace Information: 0 : 26848, 1, 2024/01/15, 12:59:27.405, 1098139519370, vstest.console.dll, AssemblyResolver.OnResolve: Resolved assembly: Microsoft.VisualStudio.TestPlatform.Extensions.Html.TestLogger, from path: C:\Program Files\dotnet\sdk\7.0.402\Extensions\Microsoft.VisualStudio.TestPlatform.Extensions.Html.TestLogger.dll
TpTrace Verbose: 0 : 26848, 1, 2024/01/15, 12:59:27.405, 1098139520828, vstest.console.dll, MetadataReaderExtensionsHelper: Discovering extensions inside assembly 'Microsoft.VisualStudio.TestPlatform.Extensions.Html.TestLogger, Version=15.0.0.0, Culture=neutral, PublicKeyToken=b03f5f7f11d50a3a' file path 'C:\Program Files\dotnet\sdk\7.0.402\Extensions\Microsoft.VisualStudio.TestPlatform.Extensions.Html.TestLogger.dll'
TpTrace Information: 0 : 26848, 1, 2024/01/15, 12:59:27.407, 1098139536039, vstest.console.dll, AssemblyResolver.OnResolve: Microsoft.VisualStudio.TestPlatform.Extensions.Trx.TestLogger: Resolving assembly.
TpTrace Information: 0 : 26848, 1, 2024/01/15, 12:59:27.407, 1098139537223, vstest.console.dll, AssemblyResolver.OnResolve: Microsoft.VisualStudio.TestPlatform.Extensions.Trx.TestLogger: Searching in: 'C:\Program Files\dotnet\sdk\7.0.402\Extensions'.
TpTrace Information: 0 : 26848, 1, 2024/01/15, 12:59:27.408, 1098139550957, vstest.console.dll, AssemblyResolver.OnResolve: Microsoft.VisualStudio.TestPlatform.Extensions.Trx.TestLogger: Loading assembly 'C:\Program Files\dotnet\sdk\7.0.402\Extensions\Microsoft.VisualStudio.TestPlatform.Extensions.Trx.TestLogger.dll'.
TpTrace Information: 0 : 26848, 1, 2024/01/15, 12:59:27.410, 1098139568153, vstest.console.dll, AssemblyResolver.OnResolve: Resolved assembly: Microsoft.VisualStudio.TestPlatform.Extensions.Trx.TestLogger, from path: C:\Program Files\dotnet\sdk\7.0.402\Extensions\Microsoft.VisualStudio.TestPlatform.Extensions.Trx.TestLogger.dll
TpTrace Verbose: 0 : 26848, 1, 2024/01/15, 12:59:27.410, 1098139569515, vstest.console.dll, MetadataReaderExtensionsHelper: Discovering extensions inside assembly 'Microsoft.VisualStudio.TestPlatform.Extensions.Trx.TestLogger, Version=15.0.0.0, Culture=neutral, PublicKeyToken=b03f5f7f11d50a3a' file path 'C:\Program Files\dotnet\sdk\7.0.402\Extensions\Microsoft.VisualStudio.TestPlatform.Extensions.Trx.TestLogger.dll'
TpTrace Verbose: 0 : 26848, 1, 2024/01/15, 12:59:27.412, 1098139594545, vstest.console.dll, TestPluginCache: Discovered the extensions using extension path ''.
TpTrace Verbose: 0 : 26848, 1, 2024/01/15, 12:59:27.412, 1098139595593, vstest.console.dll, TestPluginCache: Discoverers are ''.
TpTrace Verbose: 0 : 26848, 1, 2024/01/15, 12:59:27.413, 1098139595904, vstest.console.dll, TestPluginCache: Executors are ''.
TpTrace Verbose: 0 : 26848, 1, 2024/01/15, 12:59:27.413, 1098139596145, vstest.console.dll, TestPluginCache: Executors2 are ''.
TpTrace Verbose: 0 : 26848, 1, 2024/01/15, 12:59:27.413, 1098139596426, vstest.console.dll, TestPluginCache: Setting providers are ''.
TpTrace Verbose: 0 : 26848, 1, 2024/01/15, 12:59:27.413, 1098139596789, vstest.console.dll, TestPluginCache: Loggers are ''.
TpTrace Verbose: 0 : 26848, 1, 2024/01/15, 12:59:27.413, 1098139598475, vstest.console.dll, TestPluginCache: TestHosts are 'HostProvider://DefaultTestHost,HostProvider://DotnetTestHost'.
TpTrace Verbose: 0 : 26848, 1, 2024/01/15, 12:59:27.413, 1098139598937, vstest.console.dll, TestPluginCache: DataCollectors are ''.
TpTrace Information: 0 : 26848, 1, 2024/01/15, 12:59:27.438, 1098139852262, vstest.console.dll, RunTestsArgumentProcessor:Execute: Test run is starting.
TpTrace Verbose: 0 : 26848, 1, 2024/01/15, 12:59:27.438, 1098139854143, vstest.console.dll, RunTestsArgumentProcessor:Execute: Queuing Test run.
TpTrace Information: 0 : 26848, 1, 2024/01/15, 12:59:27.442, 1098139888388, vstest.console.dll, TestRequestManager.RunTests: run tests started.
TpTrace Information: 0 : 26848, 1, 2024/01/15, 12:59:27.445, 1098139916507, vstest.console.dll, AssemblyMetadataProvider.GetFrameworkName: Determined framework:'.NETCoreApp,Version=v5.0' for source: 'C:\Users\User\Documents\GitHub\VVS-Karmela\bin\Debug\net5.0\fine-code-coverage\build-output\Karmela.dll'
TpTrace Information: 0 : 26848, 1, 2024/01/15, 12:59:27.445, 1098139920949, vstest.console.dll, Determined framework for all sources: .NETCoreApp,Version=v5.0
TpTrace Verbose: 0 : 26848, 1, 2024/01/15, 12:59:27.446, 1098139929110, vstest.console.dll, TestRequestManager.UpdateRunSettingsIfRequired: Default architecture: X64 IsDefaultTargetArchitecture: True, Current process architecture: X64 OperatingSystem: Windows.
TpTrace Information: 0 : 26848, 1, 2024/01/15, 12:59:27.454, 1098140008669, vstest.console.dll, AssemblyMetadataProvider.GetArchitecture: Determined architecture:AnyCPU info for assembly: C:\Users\User\Documents\GitHub\VVS-Karmela\bin\Debug\net5.0\fine-code-coverage\build-output\Karmela.dll
TpTrace Information: 0 : 26848, 1, 2024/01/15, 12:59:27.454, 1098140010087, vstest.console.dll, Determined platform for source 'C:\Users\User\Documents\GitHub\VVS-Karmela\bin\Debug\net5.0\fine-code-coverage\build-output\Karmela.dll' was AnyCPU and it will use the default plaform X64.
TpTrace Information: 0 : 26848, 1, 2024/01/15, 12:59:27.454, 1098140010618, vstest.console.dll, None of the sources provided any runnable platform, using the default platform: X64
TpTrace Information: 0 : 26848, 1, 2024/01/15, 12:59:27.454, 1098140012134, vstest.console.dll, Platform was updated to 'X64'.
TpTrace Information: 0 : 26848, 1, 2024/01/15, 12:59:27.467, 1098140137850, vstest.console.dll, InferRunSettingsHelper.IsTestSettingsEnabled: Unable to navigate to RunSettings/MSTest. Current node: RunSettings
TpTrace Information: 0 : 26848, 1, 2024/01/15, 12:59:27.474, 1098140208044, vstest.console.dll, AssemblyResolver.OnResolve: Microsoft.VisualStudio.TestPlatform.Fakes: Resolving assembly.
TpTrace Information: 0 : 26848, 1, 2024/01/15, 12:59:27.475, 1098140218352, vstest.console.dll, AssemblyResolver.OnResolve: Microsoft.VisualStudio.TestPlatform.Fakes: Searching in: 'C:\Program Files\dotnet\sdk\7.0.402\Extensions'.
TpTrace Information: 0 : 26848, 1, 2024/01/15, 12:59:27.475, 1098140221701, vstest.console.dll, AssemblyResolver.OnResolve: Microsoft.VisualStudio.TestPlatform.Fakes: Assembly path does not exist: 'C:\Program Files\dotnet\sdk\7.0.402\Extensions\Microsoft.VisualStudio.TestPlatform.Fakes.dll', returning.
TpTrace Information: 0 : 26848, 1, 2024/01/15, 12:59:27.475, 1098140223472, vstest.console.dll, AssemblyResolver.OnResolve: Microsoft.VisualStudio.TestPlatform.Fakes: Assembly path does not exist: 'C:\Program Files\dotnet\sdk\7.0.402\Extensions\Microsoft.VisualStudio.TestPlatform.Fakes.exe', returning.
TpTrace Information: 0 : 26848, 1, 2024/01/15, 12:59:27.475, 1098140224162, vstest.console.dll, AssemblyResolver.OnResolve: Microsoft.VisualStudio.TestPlatform.Fakes: Searching in: 'C:\Program Files\dotnet\sdk\7.0.402'.
TpTrace Information: 0 : 26848, 1, 2024/01/15, 12:59:27.475, 1098140225101, vstest.console.dll, AssemblyResolver.OnResolve: Microsoft.VisualStudio.TestPlatform.Fakes: Assembly path does not exist: 'C:\Program Files\dotnet\sdk\7.0.402\Microsoft.VisualStudio.TestPlatform.Fakes.dll', returning.
TpTrace Information: 0 : 26848, 1, 2024/01/15, 12:59:27.476, 1098140226202, vstest.console.dll, AssemblyResolver.OnResolve: Microsoft.VisualStudio.TestPlatform.Fakes: Assembly path does not exist: 'C:\Program Files\dotnet\sdk\7.0.402\Microsoft.VisualStudio.TestPlatform.Fakes.exe', returning.
TpTrace Information: 0 : 26848, 1, 2024/01/15, 12:59:27.476, 1098140226848, vstest.console.dll, AssemblyResolver.OnResolve: Microsoft.VisualStudio.TestPlatform.Fakes: Failed to load assembly.
TpTrace Information: 0 : 26848, 1, 2024/01/15, 12:59:27.476, 1098140233619, vstest.console.dll, Failed to load assembly Microsoft.VisualStudio.TestPlatform.Fakes, Version=17.0.0.0, Culture=neutral. Reason:System.IO.FileNotFoundException: Could not load file or assembly 'Microsoft.VisualStudio.TestPlatform.Fakes, Version=17.0.0.0, Culture=neutral, PublicKeyToken=null'. The system cannot find the file specified.
File name: 'Microsoft.VisualStudio.TestPlatform.Fakes, Version=17.0.0.0, Culture=neutral, PublicKeyToken=null'
   at System.Reflection.RuntimeAssembly.InternalLoad(AssemblyName assemblyName, StackCrawlMark& stackMark, AssemblyLoadContext assemblyLoadContext, RuntimeAssembly requestingAssembly, Boolean throwOnFileNotFound)
   at System.Reflection.Assembly.Load(AssemblyName assemblyRef)
   at Microsoft.VisualStudio.TestPlatform.Common.Utilities.FakesUtilities.LoadTestPlatformAssembly() in /_/src/Microsoft.TestPlatform.Common/Utilities/FakesUtilities.cs:line 272
TpTrace Verbose: 0 : 26848, 1, 2024/01/15, 12:59:27.493, 1098140402992, vstest.console.dll, TestPluginCache.DiscoverTestExtensions: finding test extensions in assemblies ends with: TestLogger.dll TPluginInfo: Microsoft.VisualStudio.TestPlatform.Common.ExtensionFramework.Utilities.TestLoggerPluginInformation TExtension: Microsoft.VisualStudio.TestPlatform.ObjectModel.Client.ITestLogger
TpTrace Verbose: 0 : 26848, 1, 2024/01/15, 12:59:27.493, 1098140405353, vstest.console.dll, TestPluginCache.GetExtensionPaths: Filtered extension paths: 
TpTrace Verbose: 0 : 26848, 1, 2024/01/15, 12:59:27.494, 1098140406164, vstest.console.dll, TestPluginCache.GetExtensionPaths: Added default extension paths: C:\Program Files\dotnet\sdk\7.0.402\Extensions\Microsoft.Diagnostics.NETCore.Client.dll
C:\Program Files\dotnet\sdk\7.0.402\Extensions\Microsoft.TestPlatform.Extensions.BlameDataCollector.dll
C:\Program Files\dotnet\sdk\7.0.402\Extensions\Microsoft.TestPlatform.Extensions.EventLogCollector.dll
C:\Program Files\dotnet\sdk\7.0.402\Extensions\Microsoft.TestPlatform.TestHostRuntimeProvider.dll
C:\Program Files\dotnet\sdk\7.0.402\Extensions\Microsoft.VisualStudio.TestPlatform.Extensions.Html.TestLogger.dll
C:\Program Files\dotnet\sdk\7.0.402\Extensions\Microsoft.VisualStudio.TestPlatform.Extensions.Trx.TestLogger.dll
TpTrace Verbose: 0 : 26848, 1, 2024/01/15, 12:59:27.494, 1098140406718, vstest.console.dll, TestPluginCache.GetExtensionPaths: Added unfilterableExtensionPaths: 
TpTrace Information: 0 : 26848, 1, 2024/01/15, 12:59:27.494, 1098140410065, vstest.console.dll, AssemblyResolver.AddSearchDirectories: Adding more searchDirectories C:\Program Files\dotnet\sdk\7.0.402\Extensions,C:\Program Files\dotnet\sdk\7.0.402
TpTrace Verbose: 0 : 26848, 1, 2024/01/15, 12:59:27.494, 1098140411724, vstest.console.dll, TestPluginCache.DiscoverTestExtensions: Discovering the extensions using extension path.
TpTrace Verbose: 0 : 26848, 1, 2024/01/15, 12:59:27.494, 1098140412969, vstest.console.dll, TestPluginCache.GetExtensionPaths: Filtered extension paths: 
TpTrace Verbose: 0 : 26848, 1, 2024/01/15, 12:59:27.494, 1098140413840, vstest.console.dll, TestPluginCache.GetExtensionPaths: Added default extension paths: C:\Program Files\dotnet\sdk\7.0.402\Extensions\Microsoft.Diagnostics.NETCore.Client.dll
C:\Program Files\dotnet\sdk\7.0.402\Extensions\Microsoft.TestPlatform.Extensions.BlameDataCollector.dll
C:\Program Files\dotnet\sdk\7.0.402\Extensions\Microsoft.TestPlatform.Extensions.EventLogCollector.dll
C:\Program Files\dotnet\sdk\7.0.402\Extensions\Microsoft.TestPlatform.TestHostRuntimeProvider.dll
C:\Program Files\dotnet\sdk\7.0.402\Extensions\Microsoft.VisualStudio.TestPlatform.Extensions.Html.TestLogger.dll
C:\Program Files\dotnet\sdk\7.0.402\Extensions\Microsoft.VisualStudio.TestPlatform.Extensions.Trx.TestLogger.dll
TpTrace Verbose: 0 : 26848, 1, 2024/01/15, 12:59:27.494, 1098140414649, vstest.console.dll, TestPluginCache.GetExtensionPaths: Added unfilterableExtensionPaths: 
TpTrace Verbose: 0 : 26848, 1, 2024/01/15, 12:59:27.494, 1098140415600, vstest.console.dll, TestPluginCache.DiscoverTestExtensions: Discovering the extensions using allExtensionPaths: C:\Program Files\dotnet\sdk\7.0.402\Extensions\Microsoft.Diagnostics.NETCore.Client.dll
C:\Program Files\dotnet\sdk\7.0.402\Extensions\Microsoft.TestPlatform.Extensions.BlameDataCollector.dll
C:\Program Files\dotnet\sdk\7.0.402\Extensions\Microsoft.TestPlatform.Extensions.EventLogCollector.dll
C:\Program Files\dotnet\sdk\7.0.402\Extensions\Microsoft.TestPlatform.TestHostRuntimeProvider.dll
C:\Program Files\dotnet\sdk\7.0.402\Extensions\Microsoft.VisualStudio.TestPlatform.Extensions.Html.TestLogger.dll
C:\Program Files\dotnet\sdk\7.0.402\Extensions\Microsoft.VisualStudio.TestPlatform.Extensions.Trx.TestLogger.dll
TpTrace Information: 0 : 26848, 1, 2024/01/15, 12:59:27.495, 1098140417267, vstest.console.dll, AssemblyResolver.AddSearchDirectories: Adding more searchDirectories C:\Program Files\dotnet\sdk\7.0.402\Extensions,C:\Program Files\dotnet\sdk\7.0.402
TpTrace Information: 0 : 26848, 1, 2024/01/15, 12:59:27.495, 1098140418269, vstest.console.dll, AssemblyResolver.AddSearchDirectories: Adding more searchDirectories C:\Program Files\dotnet\sdk\7.0.402\Extensions,C:\Program Files\dotnet\sdk\7.0.402
TpTrace Information: 0 : 26848, 1, 2024/01/15, 12:59:27.495, 1098140418856, vstest.console.dll, AssemblyResolver.AddSearchDirectories: Adding more searchDirectories C:\Program Files\dotnet\sdk\7.0.402\Extensions,C:\Program Files\dotnet\sdk\7.0.402
TpTrace Information: 0 : 26848, 1, 2024/01/15, 12:59:27.495, 1098140419388, vstest.console.dll, AssemblyResolver.AddSearchDirectories: Adding more searchDirectories C:\Program Files\dotnet\sdk\7.0.402\Extensions,C:\Program Files\dotnet\sdk\7.0.402
TpTrace Information: 0 : 26848, 1, 2024/01/15, 12:59:27.495, 1098140419967, vstest.console.dll, AssemblyResolver.AddSearchDirectories: Adding more searchDirectories C:\Program Files\dotnet\sdk\7.0.402\Extensions,C:\Program Files\dotnet\sdk\7.0.402
TpTrace Information: 0 : 26848, 1, 2024/01/15, 12:59:27.495, 1098140420721, vstest.console.dll, AssemblyResolver.AddSearchDirectories: Adding more searchDirectories C:\Program Files\dotnet\sdk\7.0.402\Extensions,C:\Program Files\dotnet\sdk\7.0.402
TpTrace Verbose: 0 : 26848, 1, 2024/01/15, 12:59:27.495, 1098140423549, vstest.console.dll, MetadataReaderExtensionsHelper: Discovering extensions inside assembly 'Microsoft.Diagnostics.NETCore.Client, Version=0.2.8.21101, Culture=neutral, PublicKeyToken=31bf3856ad364e35' file path 'C:\Program Files\dotnet\sdk\7.0.402\Extensions\Microsoft.Diagnostics.NETCore.Client.dll'
TpTrace Information: 0 : 26848, 1, 2024/01/15, 12:59:27.497, 1098140445055, vstest.console.dll, AssemblyResolver.OnResolve: Microsoft.Bcl.AsyncInterfaces: Resolving assembly.
TpTrace Information: 0 : 26848, 1, 2024/01/15, 12:59:27.498, 1098140448220, vstest.console.dll, AssemblyResolver.OnResolve: Microsoft.Bcl.AsyncInterfaces: Resolved from cache.
TpTrace Verbose: 0 : 26848, 1, 2024/01/15, 12:59:27.498, 1098140449304, vstest.console.dll, CurrentDomainAssemblyResolve: Resolving assembly 'Microsoft.Bcl.AsyncInterfaces'.
TpTrace Information: 0 : 26848, 1, 2024/01/15, 12:59:27.498, 1098140450772, vstest.console.dll, AssemblyResolver.OnResolve: Microsoft.Bcl.AsyncInterfaces: Resolving assembly.
TpTrace Information: 0 : 26848, 1, 2024/01/15, 12:59:27.498, 1098140451177, vstest.console.dll, AssemblyResolver.OnResolve: Microsoft.Bcl.AsyncInterfaces: Resolved from cache.
TpTrace Verbose: 0 : 26848, 1, 2024/01/15, 12:59:27.498, 1098140451501, vstest.console.dll, CurrentDomainAssemblyResolve: Resolving assembly 'Microsoft.Bcl.AsyncInterfaces'.
TpTrace Verbose: 0 : 26848, 1, 2024/01/15, 12:59:27.498, 1098140451910, vstest.console.dll, CurrentDomainAssemblyResolve: Failed to resolve assembly 'Microsoft.Bcl.AsyncInterfaces'.
TpTrace Verbose: 0 : 26848, 1, 2024/01/15, 12:59:27.499, 1098140458365, vstest.console.dll, CurrentDomainAssemblyResolve: Failed to resolve assembly 'Microsoft.Bcl.AsyncInterfaces'.
TpTrace Warning: 0 : 26848, 1, 2024/01/15, 12:59:27.501, 1098140484004, vstest.console.dll, TestPluginDiscoverer: Failed to get types from assembly 'Microsoft.Diagnostics.NETCore.Client, Version=0.2.8.21101, Culture=neutral, PublicKeyToken=31bf3856ad364e35'. Error: System.Reflection.ReflectionTypeLoadException: Unable to load one or more of the requested types.
Could not load file or assembly 'Microsoft.Bcl.AsyncInterfaces, Version=1.0.0.0, Culture=neutral, PublicKeyToken=cc7b13ffcd2ddd51'. The system cannot find the file specified.
   at System.Reflection.RuntimeModule.GetTypes(RuntimeModule module)
   at System.Reflection.Assembly.GetTypes()
   at Microsoft.VisualStudio.TestPlatform.Common.ExtensionFramework.TestPluginDiscoverer.GetTestExtensionsFromAssembly[TPluginInfo,TExtension](Assembly assembly, Dictionary`2 pluginInfos, String filePath) in /_/src/Microsoft.TestPlatform.Common/ExtensionFramework/TestPluginDiscoverer.cs:line 158
System.IO.FileNotFoundException: Could not load file or assembly 'Microsoft.Bcl.AsyncInterfaces, Version=1.0.0.0, Culture=neutral, PublicKeyToken=cc7b13ffcd2ddd51'. The system cannot find the file specified.
File name: 'Microsoft.Bcl.AsyncInterfaces, Version=1.0.0.0, Culture=neutral, PublicKeyToken=cc7b13ffcd2ddd51'
 ---> System.IO.FileNotFoundException: Could not load file or assembly 'Microsoft.Bcl.AsyncInterfaces, Culture=neutral, PublicKeyToken=null'. The system cannot find the file specified.
File name: 'Microsoft.Bcl.AsyncInterfaces, Culture=neutral, PublicKeyToken=null'
   at System.Reflection.RuntimeAssembly.InternalLoad(AssemblyName assemblyName, StackCrawlMark& stackMark, AssemblyLoadContext assemblyLoadContext, RuntimeAssembly requestingAssembly, Boolean throwOnFileNotFound)
   at System.Reflection.Assembly.Load(AssemblyName assemblyRef)
   at Microsoft.VisualStudio.TestPlatform.Common.ExtensionFramework.TestPluginCache.CurrentDomainAssemblyResolve(Object sender, AssemblyResolveEventArgs args) in /_/src/Microsoft.TestPlatform.Common/ExtensionFramework/TestPluginCache.cs:line 513
   at System.Runtime.Loader.AssemblyLoadContext.GetFirstResolvedAssemblyFromResolvingEvent(AssemblyName assemblyName)
   at System.Runtime.Loader.AssemblyLoadContext.ResolveUsingEvent(AssemblyName assemblyName)
   at System.Runtime.Loader.AssemblyLoadContext.ResolveUsingResolvingEvent(IntPtr gchManagedAssemblyLoadContext, AssemblyName assemblyName)
TpTrace Warning: 0 : 26848, 1, 2024/01/15, 12:59:27.502, 1098140488343, vstest.console.dll, LoaderExceptions: System.IO.FileNotFoundException: Could not load file or assembly 'Microsoft.Bcl.AsyncInterfaces, Version=1.0.0.0, Culture=neutral, PublicKeyToken=cc7b13ffcd2ddd51'. The system cannot find the file specified.
File name: 'Microsoft.Bcl.AsyncInterfaces, Version=1.0.0.0, Culture=neutral, PublicKeyToken=cc7b13ffcd2ddd51'
 ---> System.IO.FileNotFoundException: Could not load file or assembly 'Microsoft.Bcl.AsyncInterfaces, Culture=neutral, PublicKeyToken=null'. The system cannot find the file specified.
File name: 'Microsoft.Bcl.AsyncInterfaces, Culture=neutral, PublicKeyToken=null'
   at System.Reflection.RuntimeAssembly.InternalLoad(AssemblyName assemblyName, StackCrawlMark& stackMark, AssemblyLoadContext assemblyLoadContext, RuntimeAssembly requestingAssembly, Boolean throwOnFileNotFound)
   at System.Reflection.Assembly.Load(AssemblyName assemblyRef)
   at Microsoft.VisualStudio.TestPlatform.Common.ExtensionFramework.TestPluginCache.CurrentDomainAssemblyResolve(Object sender, AssemblyResolveEventArgs args) in /_/src/Microsoft.TestPlatform.Common/ExtensionFramework/TestPluginCache.cs:line 513
   at System.Runtime.Loader.AssemblyLoadContext.GetFirstResolvedAssemblyFromResolvingEvent(AssemblyName assemblyName)
   at System.Runtime.Loader.AssemblyLoadContext.ResolveUsingEvent(AssemblyName assemblyName)
   at System.Runtime.Loader.AssemblyLoadContext.ResolveUsingResolvingEvent(IntPtr gchManagedAssemblyLoadContext, AssemblyName assemblyName)
TpTrace Verbose: 0 : 26848, 1, 2024/01/15, 12:59:27.502, 1098140490258, vstest.console.dll, MetadataReaderExtensionsHelper: Discovering extensions inside assembly 'Microsoft.TestPlatform.Extensions.BlameDataCollector, Version=15.0.0.0, Culture=neutral, PublicKeyToken=b03f5f7f11d50a3a' file path 'C:\Program Files\dotnet\sdk\7.0.402\Extensions\Microsoft.TestPlatform.Extensions.BlameDataCollector.dll'
TpTrace Information: 0 : 26848, 1, 2024/01/15, 12:59:27.503, 1098140499521, vstest.console.dll, GetTestExtensionFromType: Register extension with identifier data 'logger://Microsoft/TestPlatform/Extensions/Blame/v1' and type 'Microsoft.TestPlatform.Extensions.BlameDataCollector.BlameLogger, Microsoft.TestPlatform.Extensions.BlameDataCollector, Version=15.0.0.0, Culture=neutral, PublicKeyToken=b03f5f7f11d50a3a' inside file 'C:\Program Files\dotnet\sdk\7.0.402\Extensions\Microsoft.TestPlatform.Extensions.BlameDataCollector.dll'
TpTrace Verbose: 0 : 26848, 1, 2024/01/15, 12:59:27.503, 1098140501135, vstest.console.dll, MetadataReaderExtensionsHelper: Discovering extensions inside assembly 'Microsoft.TestPlatform.Extensions.EventLogCollector, Version=15.0.0.0, Culture=neutral, PublicKeyToken=b03f5f7f11d50a3a' file path 'C:\Program Files\dotnet\sdk\7.0.402\Extensions\Microsoft.TestPlatform.Extensions.EventLogCollector.dll'
TpTrace Verbose: 0 : 26848, 1, 2024/01/15, 12:59:27.504, 1098140508351, vstest.console.dll, MetadataReaderExtensionsHelper: Discovering extensions inside assembly 'Microsoft.TestPlatform.TestHostRuntimeProvider, Version=15.0.0.0, Culture=neutral, PublicKeyToken=b03f5f7f11d50a3a' file path 'C:\Program Files\dotnet\sdk\7.0.402\Extensions\Microsoft.TestPlatform.TestHostRuntimeProvider.dll'
TpTrace Verbose: 0 : 26848, 1, 2024/01/15, 12:59:27.504, 1098140515708, vstest.console.dll, MetadataReaderExtensionsHelper: Discovering extensions inside assembly 'Microsoft.VisualStudio.TestPlatform.Extensions.Html.TestLogger, Version=15.0.0.0, Culture=neutral, PublicKeyToken=b03f5f7f11d50a3a' file path 'C:\Program Files\dotnet\sdk\7.0.402\Extensions\Microsoft.VisualStudio.TestPlatform.Extensions.Html.TestLogger.dll'
TpTrace Information: 0 : 26848, 1, 2024/01/15, 12:59:27.505, 1098140525588, vstest.console.dll, GetTestExtensionFromType: Register extension with identifier data 'logger://Microsoft/TestPlatform/HtmlLogger/v1' and type 'Microsoft.VisualStudio.TestPlatform.Extensions.HtmlLogger.HtmlLogger, Microsoft.VisualStudio.TestPlatform.Extensions.Html.TestLogger, Version=15.0.0.0, Culture=neutral, PublicKeyToken=b03f5f7f11d50a3a' inside file 'C:\Program Files\dotnet\sdk\7.0.402\Extensions\Microsoft.VisualStudio.TestPlatform.Extensions.Html.TestLogger.dll'
TpTrace Verbose: 0 : 26848, 1, 2024/01/15, 12:59:27.506, 1098140526964, vstest.console.dll, MetadataReaderExtensionsHelper: Discovering extensions inside assembly 'Microsoft.VisualStudio.TestPlatform.Extensions.Trx.TestLogger, Version=15.0.0.0, Culture=neutral, PublicKeyToken=b03f5f7f11d50a3a' file path 'C:\Program Files\dotnet\sdk\7.0.402\Extensions\Microsoft.VisualStudio.TestPlatform.Extensions.Trx.TestLogger.dll'
TpTrace Information: 0 : 26848, 1, 2024/01/15, 12:59:27.507, 1098140536541, vstest.console.dll, GetTestExtensionFromType: Register extension with identifier data 'logger://Microsoft/TestPlatform/TrxLogger/v1' and type 'Microsoft.VisualStudio.TestPlatform.Extensions.TrxLogger.TrxLogger, Microsoft.VisualStudio.TestPlatform.Extensions.Trx.TestLogger, Version=15.0.0.0, Culture=neutral, PublicKeyToken=b03f5f7f11d50a3a' inside file 'C:\Program Files\dotnet\sdk\7.0.402\Extensions\Microsoft.VisualStudio.TestPlatform.Extensions.Trx.TestLogger.dll'
TpTrace Verbose: 0 : 26848, 1, 2024/01/15, 12:59:27.507, 1098140537810, vstest.console.dll, TestPluginCache: Discovered the extensions using extension path ''.
TpTrace Verbose: 0 : 26848, 1, 2024/01/15, 12:59:27.507, 1098140538206, vstest.console.dll, TestPluginCache: Discoverers are ''.
TpTrace Verbose: 0 : 26848, 1, 2024/01/15, 12:59:27.507, 1098140538513, vstest.console.dll, TestPluginCache: Executors are ''.
TpTrace Verbose: 0 : 26848, 1, 2024/01/15, 12:59:27.507, 1098140538945, vstest.console.dll, TestPluginCache: Executors2 are ''.
TpTrace Verbose: 0 : 26848, 1, 2024/01/15, 12:59:27.507, 1098140539431, vstest.console.dll, TestPluginCache: Setting providers are ''.
TpTrace Verbose: 0 : 26848, 1, 2024/01/15, 12:59:27.507, 1098140540474, vstest.console.dll, TestPluginCache: Loggers are 'logger://Microsoft/TestPlatform/Extensions/Blame/v1,logger://Microsoft/TestPlatform/HtmlLogger/v1,logger://Microsoft/TestPlatform/TrxLogger/v1'.
TpTrace Verbose: 0 : 26848, 1, 2024/01/15, 12:59:27.507, 1098140541184, vstest.console.dll, TestPluginCache: TestHosts are 'HostProvider://DefaultTestHost,HostProvider://DotnetTestHost'.
TpTrace Verbose: 0 : 26848, 1, 2024/01/15, 12:59:27.507, 1098140541623, vstest.console.dll, TestPluginCache: DataCollectors are ''.
TpTrace Information: 0 : 26848, 1, 2024/01/15, 12:59:27.509, 1098140559592, vstest.console.dll, TestPluginManager.CreateTestExtension: Attempting to load test extension: Microsoft.TestPlatform.Extensions.BlameDataCollector.BlameLogger
TpTrace Verbose: 0 : 26848, 1, 2024/01/15, 12:59:27.547, 1098140943832, vstest.console.dll, TestEngine: Initializing Parallel Execution as MaxCpuCount is set to: 1
TpTrace Information: 0 : 26848, 1, 2024/01/15, 12:59:27.555, 1098141021191, vstest.console.dll, TestPluginManager.CreateTestExtension: Attempting to load test extension: Microsoft.VisualStudio.TestPlatform.CrossPlatEngine.Hosting.DefaultTestHostManager
TpTrace Information: 0 : 26848, 1, 2024/01/15, 12:59:27.561, 1098141080978, vstest.console.dll, TestPluginManager.CreateTestExtension: Attempting to load test extension: Microsoft.VisualStudio.TestPlatform.CrossPlatEngine.Hosting.DotnetTestHostManager
TpTrace Information: 0 : 26848, 1, 2024/01/15, 12:59:27.562, 1098141095362, vstest.console.dll, InferRunSettingsHelper.IsTestSettingsEnabled: Unable to navigate to RunSettings/MSTest. Current node: RunSettings
TpTrace Verbose: 0 : 26848, 1, 2024/01/15, 12:59:27.564, 1098141109059, vstest.console.dll, ParallelOperationManager.ClearSlots: Clearing all slots. Slots should accept more work: True
TpTrace Verbose: 0 : 26848, 1, 2024/01/15, 12:59:27.566, 1098141128149, vstest.console.dll, ParallelOperationManager.SetOccupiedSlotCount: Setting slot counts AvailableSlotCount = 1, OccupiedSlotCount = 0.
TpTrace Verbose: 0 : 26848, 1, 2024/01/15, 12:59:27.567, 1098141137313, vstest.console.dll, Occupied slots:

TpTrace Verbose: 0 : 26848, 1, 2024/01/15, 12:59:27.571, 1098141184965, vstest.console.dll, TestEngine.GetExecutionManager: Chosen execution manager 'Microsoft.VisualStudio.TestPlatform.CrossPlatEngine.Client.Parallel.ParallelProxyExecutionManager, Microsoft.TestPlatform.CrossPlatEngine, Version=15.0.0.0, Culture=neutral, PublicKeyToken=b03f5f7f11d50a3a' ParallelLevel '1'.
TpTrace Verbose: 0 : 26848, 1, 2024/01/15, 12:59:27.572, 1098141186982, vstest.console.dll, TestRunRequest.ExecuteAsync: Creating test run request.
TpTrace Verbose: 0 : 26848, 1, 2024/01/15, 12:59:27.572, 1098141189706, vstest.console.dll, TestRunRequest.ExecuteAsync: Starting.
TpTrace Information: 0 : 26848, 1, 2024/01/15, 12:59:27.572, 1098141194633, vstest.console.dll, TestRunRequest.ExecuteAsync: Starting run with settings:TestRunCriteria:
   KeepAlive=False,FrequencyOfRunStatsChangeEvent=10,RunStatsChangeEventTimeout=00:00:01.5000000,TestCaseFilter=,TestExecutorLauncher=
   Settingsxml=<RunSettings>
  <RunConfiguration>
    <ResultsDirectory>C:\Users\User\Documents\GitHub\VVS-Karmela\bin\Debug\net5.0\fine-code-coverage\coverage-tool-output</ResultsDirectory>
    <TargetPlatform>X64</TargetPlatform>
    <TargetFrameworkVersion>.NETCoreApp,Version=v5.0</TargetFrameworkVersion>
    <DesignMode>False</DesignMode>
    <CollectSourceInformation>False</CollectSourceInformation>
  </RunConfiguration>
  <LoggerRunSettings>
    <Loggers>
      <Logger friendlyName="blame" enabled="True" />
      <Logger friendlyName="Console" uri="logger://microsoft/TestPlatform/ConsoleLogger/v1" assemblyQualifiedName="Microsoft.VisualStudio.TestPlatform.CommandLine.Internal.ConsoleLogger, vstest.console, Version=15.0.0.0, Culture=neutral, PublicKeyToken=b03f5f7f11d50a3a" codeBase="C:\Program Files\dotnet\sdk\7.0.402\vstest.console.dll" enabled="True" />
    </Loggers>
  </LoggerRunSettings>
  <DataCollectionRunSettings>
    <DataCollectors>
      <DataCollector friendlyName="blame" enabled="True">
        <Configuration>
          <ResultsDirectory>C:\Users\User\Documents\GitHub\VVS-Karmela\bin\Debug\net5.0\fine-code-coverage\coverage-tool-output</ResultsDirectory>
        </Configuration>
      </DataCollector>
    </DataCollectors>
  </DataCollectionRunSettings>
</RunSettings>

TpTrace Verbose: 0 : 26848, 1, 2024/01/15, 12:59:27.572, 1098141195236, vstest.console.dll, TestRunRequest.ExecuteAsync: Wait for the first run request is over.
TpTrace Verbose: 0 : 26848, 1, 2024/01/15, 12:59:27.573, 1098141201722, vstest.console.dll, MulticastDelegateUtilities.SafeInvoke: TestRun.TestRunStart: Invoking callbacks was skipped because there are no subscribers.
TpTrace Verbose: 0 : 26848, 4, 2024/01/15, 12:59:27.573, 1098141204480, vstest.console.dll, MulticastDelegateUtilities.SafeInvoke: InternalTestLoggerEvents.SendTestRunStart: Invoking callback 1/1 for Microsoft.VisualStudio.TestPlatform.CommandLine.Internal.ConsoleLogger., took 0 ms.
TpTrace Verbose: 0 : 26848, 1, 2024/01/15, 12:59:27.575, 1098141217395, vstest.console.dll, ParallelProxyExecutionManager: Start execution. Total sources: 1
TpTrace Verbose: 0 : 26848, 1, 2024/01/15, 12:59:27.575, 1098141221926, vstest.console.dll, ParallelOperationManager.StartWork: Starting adding 1 workloads.
TpTrace Verbose: 0 : 26848, 1, 2024/01/15, 12:59:27.575, 1098141223337, vstest.console.dll, ParallelOperationManager.ClearSlots: Clearing all slots. Slots should accept more work: True
TpTrace Verbose: 0 : 26848, 1, 2024/01/15, 12:59:27.575, 1098141224133, vstest.console.dll, ParallelOperationManager.SetOccupiedSlotCount: Setting slot counts AvailableSlotCount = 1, OccupiedSlotCount = 0.
TpTrace Verbose: 0 : 26848, 1, 2024/01/15, 12:59:27.575, 1098141224541, vstest.console.dll, Occupied slots:

TpTrace Verbose: 0 : 26848, 1, 2024/01/15, 12:59:27.578, 1098141253956, vstest.console.dll, TestRequestSender is acting as server.
TpTrace Verbose: 0 : 26848, 1, 2024/01/15, 12:59:27.580, 1098141270201, vstest.console.dll, ParallelOperationManager.RunWorkInParallel: Adding 1 workload to slot, remaining workloads 0.
TpTrace Verbose: 0 : 26848, 1, 2024/01/15, 12:59:27.580, 1098141271792, vstest.console.dll, ParallelOperationManager.SetOccupiedSlotCount: Setting slot counts AvailableSlotCount = 0, OccupiedSlotCount = 1.
TpTrace Verbose: 0 : 26848, 1, 2024/01/15, 12:59:27.580, 1098141273075, vstest.console.dll, Occupied slots:
0: C:\Users\User\Documents\GitHub\VVS-Karmela\bin\Debug\net5.0\fine-code-coverage\build-output\Karmela.dll
TpTrace Verbose: 0 : 26848, 1, 2024/01/15, 12:59:27.581, 1098141285644, vstest.console.dll, ParallelOperationManager.RunWorkInParallel: Started host in slot number 0 for work (source): C:\Users\User\Documents\GitHub\VVS-Karmela\bin\Debug\net5.0\fine-code-coverage\build-output\Karmela.dll.
TpTrace Verbose: 0 : 26848, 1, 2024/01/15, 12:59:27.583, 1098141297824, vstest.console.dll, ParallelOperationManager.RunWorkInParallel: We started 1 work items, which is the max parallel level. Won't start more work.
TpTrace Verbose: 0 : 26848, 1, 2024/01/15, 12:59:27.583, 1098141298981, vstest.console.dll, ParallelOperationManager.RunWorkInParallel: We started 1 work items in here, returning True.
TpTrace Information: 0 : 26848, 1, 2024/01/15, 12:59:27.583, 1098141299450, vstest.console.dll, TestRunRequest.ExecuteAsync: Started.
TpTrace Verbose: 0 : 26848, 5, 2024/01/15, 12:59:27.583, 1098141299754, vstest.console.dll, ParallelProxyExecutionManager.StartTestRunOnConcurrentManager: Initializing uninitialized client. Started clients: 0
TpTrace Verbose: 0 : 26848, 1, 2024/01/15, 12:59:27.583, 1098141300344, vstest.console.dll, TestRunRequest.WaitForCompletion: Waiting with timeout -1.
TpTrace Verbose: 0 : 26848, 5, 2024/01/15, 12:59:27.583, 1098141301206, vstest.console.dll, DataCollectionRequestSender.InitializeCommunication : Initialize communication. 
TpTrace Information: 0 : 26848, 5, 2024/01/15, 12:59:27.587, 1098141340571, vstest.console.dll, Listening on Endpoint : 127.0.0.1:61424
TpTrace Verbose: 0 : 26848, 5, 2024/01/15, 12:59:27.603, 1098141499017, vstest.console.dll, DotnetDataCollectionLauncher: Adding  --runtimeconfig "C:\Program Files\dotnet\sdk\7.0.402\datacollector.runtimeconfig.json" in args
TpTrace Verbose: 0 : 26848, 5, 2024/01/15, 12:59:27.603, 1098141500874, vstest.console.dll, DotnetDataCollectionLauncher: Adding  --depsfile "C:\Program Files\dotnet\sdk\7.0.402\datacollector.deps.json" in args
TpTrace Verbose: 0 : 26848, 5, 2024/01/15, 12:59:27.603, 1098141503140, vstest.console.dll, DotnetDataCollectionLauncher: Full path of dotnet.exe is C:\Program Files\dotnet\dotnet.exe
TpTrace Information: 0 : 26848, 5, 2024/01/15, 12:59:27.612, 1098141591195, vstest.console.dll, ProxyDataCollectionManager.Initialize: Launched datacollector processId: 20868 port: 61424
TpTrace Information: 0 : 26848, 5, 2024/01/15, 12:59:27.612, 1098141593220, vstest.console.dll, ProxyDataCollectionManager.Initialize: waiting for connection with timeout: 90 seconds
TpTrace Verbose: 0 : 26848, 5, 2024/01/15, 12:59:27.612, 1098141594430, vstest.console.dll, DataCollectionRequestSender.WaitForRequestHandlerConnection : Waiting for connection with timeout: 90000
TpTrace Information: 0 : 26848, 7, 2024/01/15, 12:59:27.986, 1098145335796, vstest.console.dll, Using the buffer size of 16384 bytes
TpTrace Verbose: 0 : 26848, 5, 2024/01/15, 12:59:27.987, 1098145335836, vstest.console.dll, SocketCommunicationManager.WaitForClientConnection took: 374 ms, with 90000 ms timeout, and finished with True.
TpTrace Information: 0 : 26848, 7, 2024/01/15, 12:59:27.987, 1098145343349, vstest.console.dll, Accepted Client request and set the flag
TpTrace Verbose: 0 : 26848, 5, 2024/01/15, 12:59:27.988, 1098145347779, vstest.console.dll, ProxyDataCollectionManager.InvokeDataCollectionServiceAction: Starting.
TpTrace Information: 0 : 26848, 5, 2024/01/15, 12:59:27.988, 1098145351631, vstest.console.dll, ProxyDataCollectionManager.BeforeTestRunStart: Get environment variable and port for datacollector processId: 20868 port: 61424
TpTrace Verbose: 0 : 26848, 5, 2024/01/15, 12:59:27.989, 1098145359921, vstest.console.dll, DataCollectionRequestSender.SendBeforeTestRunStartAndGetResult: Send BeforeTestRunStart message with settingsXml <RunSettings><RunConfiguration><ResultsDirectory>C:\Users\User\Documents\GitHub\VVS-Karmela\bin\Debug\net5.0\fine-code-coverage\coverage-tool-output</ResultsDirectory><TargetPlatform>X64</TargetPlatform><TargetFrameworkVersion>.NETCoreApp,Version=v5.0</TargetFrameworkVersion><DesignMode>False</DesignMode><CollectSourceInformation>False</CollectSourceInformation><TestAdaptersPaths>C:\Program Files\dotnet\sdk\7.0.402\Extensions</TestAdaptersPaths></RunConfiguration><LoggerRunSettings><Loggers><Logger friendlyName="blame" enabled="True" /><Logger friendlyName="Console" uri="logger://microsoft/TestPlatform/ConsoleLogger/v1" assemblyQualifiedName="Microsoft.VisualStudio.TestPlatform.CommandLine.Internal.ConsoleLogger, vstest.console, Version=15.0.0.0, Culture=neutral, PublicKeyToken=b03f5f7f11d50a3a" codeBase="C:\Program Files\dotnet\sdk\7.0.402\vstest.console.dll" enabled="True" /></Loggers></LoggerRunSettings><DataCollectionRunSettings><DataCollectors><DataCollector friendlyName="blame" enabled="True"><Configuration><ResultsDirectory>C:\Users\User\Documents\GitHub\VVS-Karmela\bin\Debug\net5.0\fine-code-coverage\coverage-tool-output</ResultsDirectory></Configuration></DataCollector></DataCollectors></DataCollectionRunSettings></RunSettings> and sources System.Collections.Generic.List`1[System.String]: 
TpTrace Verbose: 0 : 26848, 5, 2024/01/15, 12:59:28.203, 1098147503005, vstest.console.dll, DataCollectionRequestSender.SendBeforeTestRunStartAndGetResult: Received message: (DataCollection.SendMessage) -> {"MessageType":"DataCollection.SendMessage","Payload":{"FriendlyName":null,"Uri":null,"TestCaseId":"00000000-0000-0000-0000-000000000000","Message":"Logging DataCollector Diagnostics in file: C:\\Users\\User\\Documents\\GitHub\\VVS-Karmela\\bin\\Debug\\net5.0\\fine-code-coverage\\coverage-tool-output\\diagnostics.datacollector.24-01-15_12-59-27_60298_5.log","Level":0}}
TpTrace Verbose: 0 : 26848, 5, 2024/01/15, 12:59:28.428, 1098149750419, vstest.console.dll, DataCollectionRequestSender.SendBeforeTestRunStartAndGetResult: Received message: (DataCollection.BeforeTestRunStartResult) -> {"MessageType":"DataCollection.BeforeTestRunStartResult","Payload":{"EnvironmentVariables":{},"DataCollectionEventsPort":61427}}
TpTrace Information: 0 : 26848, 5, 2024/01/15, 12:59:28.441, 1098149883824, vstest.console.dll, ProxyDataCollectionManager.BeforeTestRunStart: SendBeforeTestRunStartAndGetResult successful, env variable from datacollector:   and testhost port: 61427
TpTrace Information: 0 : 26848, 5, 2024/01/15, 12:59:28.442, 1098149885910, vstest.console.dll, ProxyDataCollectionManager.InvokeDataCollectionServiceAction: Completed.
TpTrace Verbose: 0 : 26848, 5, 2024/01/15, 12:59:28.442, 1098149886597, vstest.console.dll, ParallelProxyExecutionManager.StartTestRunOnConcurrentManager: Initializing test run. Started clients: 0
TpTrace Verbose: 0 : 26848, 5, 2024/01/15, 12:59:28.442, 1098149888079, vstest.console.dll, ProxyExecutionManager: Test host is always Lazy initialize.
TpTrace Verbose: 0 : 26848, 5, 2024/01/15, 12:59:28.442, 1098149892455, vstest.console.dll, TestRequestSender.InitializeCommunication: initialize communication. 
TpTrace Information: 0 : 26848, 5, 2024/01/15, 12:59:28.443, 1098149905039, vstest.console.dll, SocketServer.Start: Listening on endpoint : 127.0.0.1:61428
TpTrace Verbose: 0 : 26848, 5, 2024/01/15, 12:59:28.447, 1098149944990, vstest.console.dll, DotnetTestHostmanager.GetTestHostProcessStartInfo: Platform environment 'X64' target architecture 'X64' framework '.NETCoreApp,Version=v5.0' OS 'Windows'
TpTrace Verbose: 0 : 26848, 5, 2024/01/15, 12:59:28.448, 1098149951784, vstest.console.dll, DotnetTestHostmanager: Adding  --runtimeconfig "C:\Users\User\Documents\GitHub\VVS-Karmela\bin\Debug\net5.0\fine-code-coverage\build-output\Karmela.runtimeconfig.json" in args
TpTrace Verbose: 0 : 26848, 5, 2024/01/15, 12:59:28.448, 1098149954619, vstest.console.dll, DotnetTestHostmanager: Adding  --depsfile "C:\Users\User\Documents\GitHub\VVS-Karmela\bin\Debug\net5.0\fine-code-coverage\build-output\Karmela.deps.json" in args
TpTrace Verbose: 0 : 26848, 5, 2024/01/15, 12:59:28.449, 1098149958298, vstest.console.dll, DotnetTestHostmanager.IsWinOnArm: Current PROCESSOR_ARCHITECTURE from environment variable 'AMD64'
TpTrace Verbose: 0 : 26848, 5, 2024/01/15, 12:59:28.449, 1098149959818, vstest.console.dll, DotnetTestHostmanager.IsWinOnArm: Is Windows on ARM 'False'
TpTrace Verbose: 0 : 26848, 5, 2024/01/15, 12:59:28.449, 1098149961677, vstest.console.dll, DotnetTestHostManager: testhost.exe found at path: C:\Users\User\Documents\GitHub\VVS-Karmela\bin\Debug\net5.0\fine-code-coverage\build-output\testhost.exe
TpTrace Verbose: 0 : 26848, 5, 2024/01/15, 12:59:28.449, 1098149962813, vstest.console.dll, DotnetTestHostmanager: Full path of host exe is C:\Users\User\Documents\GitHub\VVS-Karmela\bin\Debug\net5.0\fine-code-coverage\build-output\testhost.exe
TpTrace Verbose: 0 : 26848, 5, 2024/01/15, 12:59:28.450, 1098149975774, vstest.console.dll, DotnetTestHostmanager.LaunchTestHostAsync: Found 'VSTEST_WINAPPHOST_DOTNET_ROOT' in env variables, value 'C:\Program Files\dotnet', forwarding to 'DOTNET_ROOT'
TpTrace Verbose: 0 : 26848, 5, 2024/01/15, 12:59:28.451, 1098149980297, vstest.console.dll, DotnetTestHostManager: Starting process 'C:\Users\User\Documents\GitHub\VVS-Karmela\bin\Debug\net5.0\fine-code-coverage\build-output\testhost.exe' with command line ' --runtimeconfig "C:\Users\User\Documents\GitHub\VVS-Karmela\bin\Debug\net5.0\fine-code-coverage\build-output\Karmela.runtimeconfig.json" --depsfile "C:\Users\User\Documents\GitHub\VVS-Karmela\bin\Debug\net5.0\fine-code-coverage\build-output\Karmela.deps.json" --port 61428 --endpoint 127.0.0.1:061428 --role client --parentprocessid 26848 --diag "C:\Users\User\Documents\GitHub\VVS-Karmela\bin\Debug\net5.0\fine-code-coverage\coverage-tool-output\diagnostics.host.24-01-15_12-59-28_44520_5.log" --tracelevel 4 --datacollectionport 61427 --telemetryoptedin false'
TpTrace Verbose: 0 : 26848, 5, 2024/01/15, 12:59:28.466, 1098150126650, vstest.console.dll, MulticastDelegateUtilities.SafeInvoke: HostProviderEvents.OnHostLaunched: Invoking callback 1/2 for Microsoft.VisualStudio.TestPlatform.CrossPlatEngine.Client.ProxyExecutionManagerWithDataCollection., took 4 ms.
TpTrace Verbose: 0 : 26848, 5, 2024/01/15, 12:59:28.466, 1098150131398, vstest.console.dll, Test Runtime launched
TpTrace Verbose: 0 : 26848, 5, 2024/01/15, 12:59:28.466, 1098150132650, vstest.console.dll, MulticastDelegateUtilities.SafeInvoke: HostProviderEvents.OnHostLaunched: Invoking callback 2/2 for Microsoft.VisualStudio.TestPlatform.CrossPlatEngine.Client.ProxyOperationManager., took 0 ms.
TpTrace Verbose: 0 : 26848, 5, 2024/01/15, 12:59:28.467, 1098150139910, vstest.console.dll, TestRequestSender.WaitForRequestHandlerConnection: waiting for connection with timeout: 90000.
TpTrace Verbose: 0 : 26848, 5, 2024/01/15, 12:59:28.813, 1098153601230, vstest.console.dll, TestRequestSender.WaitForRequestHandlerConnection: waiting took 346 ms, with timeout 90000 ms, and result 0, which is success.
TpTrace Verbose: 0 : 26848, 12, 2024/01/15, 12:59:28.813, 1098153601212, vstest.console.dll, MulticastDelegateUtilities.SafeInvoke: SocketServer: ClientConnected: Invoking callback 1/1 for Microsoft.VisualStudio.TestPlatform.CommunicationUtilities.TestRequestSender., took 0 ms.
TpTrace Verbose: 0 : 26848, 12, 2024/01/15, 12:59:28.813, 1098153603927, vstest.console.dll, SocketServer.OnClientConnected: Client connected for endPoint: 127.0.0.1:61428, starting MessageLoopAsync:
TpTrace Verbose: 0 : 26848, 12, 2024/01/15, 12:59:28.814, 1098153607823, vstest.console.dll, TcpClientExtensions.MessageLoopAsync: Polling on remoteEndPoint: 127.0.0.1:61429 localEndPoint: 127.0.0.1:61428
TpTrace Verbose: 0 : 26848, 5, 2024/01/15, 12:59:28.815, 1098153616753, vstest.console.dll, TestRequestSender.CheckVersionWithTestHost: Sending check version message: {"MessageType":"ProtocolVersion","Payload":7}
TpTrace Verbose: 0 : 26848, 12, 2024/01/15, 12:59:29.007, 1098155536623, vstest.console.dll, TcpClientExtensions.MessageLoopAsync: NotifyDataAvailable remoteEndPoint: 127.0.0.1:61429 localEndPoint: 127.0.0.1:61428
TpTrace Verbose: 0 : 26848, 12, 2024/01/15, 12:59:29.007, 1098155539175, vstest.console.dll, TestRequestSender.CheckVersionWithTestHost: onMessageReceived received message: (ProtocolVersion) -> {"MessageType":"ProtocolVersion","Payload":7}
TpTrace Verbose: 0 : 26848, 12, 2024/01/15, 12:59:29.008, 1098155555641, vstest.console.dll, MulticastDelegateUtilities.SafeInvoke: LengthPrefixCommunicationChannel: MessageReceived: Invoking callback 1/1 for Microsoft.VisualStudio.TestPlatform.CommunicationUtilities.TestRequestSender+<>c__DisplayClass29_0., took 1 ms.
TpTrace Verbose: 0 : 26848, 5, 2024/01/15, 12:59:29.009, 1098155556646, vstest.console.dll, TestPluginCache.GetExtensionPaths: Filtered extension paths: 
TpTrace Verbose: 0 : 26848, 5, 2024/01/15, 12:59:29.009, 1098155557801, vstest.console.dll, TestPluginCache.GetExtensionPaths: Added default extension paths: C:\Program Files\dotnet\sdk\7.0.402\Extensions\Microsoft.Diagnostics.NETCore.Client.dll
C:\Program Files\dotnet\sdk\7.0.402\Extensions\Microsoft.TestPlatform.Extensions.BlameDataCollector.dll
C:\Program Files\dotnet\sdk\7.0.402\Extensions\Microsoft.TestPlatform.Extensions.EventLogCollector.dll
C:\Program Files\dotnet\sdk\7.0.402\Extensions\Microsoft.TestPlatform.TestHostRuntimeProvider.dll
C:\Program Files\dotnet\sdk\7.0.402\Extensions\Microsoft.VisualStudio.TestPlatform.Extensions.Html.TestLogger.dll
C:\Program Files\dotnet\sdk\7.0.402\Extensions\Microsoft.VisualStudio.TestPlatform.Extensions.Trx.TestLogger.dll
TpTrace Verbose: 0 : 26848, 12, 2024/01/15, 12:59:29.009, 1098155557327, vstest.console.dll, TcpClientExtensions.MessageLoopAsync: Polling on remoteEndPoint: 127.0.0.1:61429 localEndPoint: 127.0.0.1:61428
TpTrace Verbose: 0 : 26848, 5, 2024/01/15, 12:59:29.009, 1098155558250, vstest.console.dll, TestPluginCache.GetExtensionPaths: Added unfilterableExtensionPaths: 
TpTrace Verbose: 0 : 26848, 5, 2024/01/15, 12:59:29.014, 1098155614509, vstest.console.dll, TestRequestSender.InitializeExecution: Sending initialize execution with message: {"Version":7,"MessageType":"TestExecution.Initialize","Payload":["C:\\Users\\User\\Documents\\GitHub\\VVS-Karmela\\bin\\Debug\\net5.0\\fine-code-coverage\\build-output\\NUnit3.TestAdapter.dll"]}
TpTrace Verbose: 0 : 26848, 5, 2024/01/15, 12:59:29.015, 1098155617283, vstest.console.dll, ParallelProxyExecutionManager.StartTestRunOnConcurrentManager: Execution starting. Started clients: 1
TpTrace Verbose: 0 : 26848, 5, 2024/01/15, 12:59:29.015, 1098155620526, vstest.console.dll, TestRunRequest:SendTestRunMessage: Starting.
TpTrace Verbose: 0 : 26848, 5, 2024/01/15, 12:59:29.015, 1098155622243, vstest.console.dll, MulticastDelegateUtilities.SafeInvoke: TestRun.LogMessages: Invoking callback 1/1 for Microsoft.VisualStudio.TestPlatform.CommandLine.TestRunResultAggregator., took 0 ms.
TpTrace Information: 0 : 26848, 5, 2024/01/15, 12:59:29.015, 1098155622703, vstest.console.dll, TestRunRequest:SendTestRunMessage: Completed.
TpTrace Verbose: 0 : 26848, 4, 2024/01/15, 12:59:29.016, 1098155625747, vstest.console.dll, MulticastDelegateUtilities.SafeInvoke: InternalTestLoggerEvents.SendTestRunMessage: Invoking callback 1/1 for Microsoft.VisualStudio.TestPlatform.CommandLine.Internal.ConsoleLogger., took 0 ms.
TpTrace Warning: 0 : 26848, 5, 2024/01/15, 12:59:29.016, 1098155627636, vstest.console.dll, InferRunSettingsHelper.MakeRunsettingsCompatible: Removing the following settings: TargetPlatform from RunSettings file. To use those settings please move to latest version of Microsoft.NET.Test.Sdk
TpTrace Verbose: 0 : 26848, 12, 2024/01/15, 12:59:29.017, 1098155636731, vstest.console.dll, TcpClientExtensions.MessageLoopAsync: NotifyDataAvailable remoteEndPoint: 127.0.0.1:61429 localEndPoint: 127.0.0.1:61428
TpTrace Verbose: 0 : 26848, 12, 2024/01/15, 12:59:29.017, 1098155641307, vstest.console.dll, TestRequestSender.OnExecutionMessageReceived: Received message: {"Version":7,"MessageType":"TestSession.Message","Payload":{"MessageLevel":0,"Message":"Logging TestHost Diagnostics in file: C:\\Users\\User\\Documents\\GitHub\\VVS-Karmela\\bin\\Debug\\net5.0\\fine-code-coverage\\coverage-tool-output\\diagnostics.host.24-01-15_12-59-28_44520_5.log"}}
TpTrace Verbose: 0 : 26848, 12, 2024/01/15, 12:59:29.020, 1098155672205, vstest.console.dll, TestRunRequest:SendTestRunMessage: Starting.
TpTrace Verbose: 0 : 26848, 12, 2024/01/15, 12:59:29.020, 1098155673965, vstest.console.dll, MulticastDelegateUtilities.SafeInvoke: TestRun.LogMessages: Invoking callback 1/1 for Microsoft.VisualStudio.TestPlatform.CommandLine.TestRunResultAggregator., took 0 ms.
TpTrace Information: 0 : 26848, 12, 2024/01/15, 12:59:29.020, 1098155674423, vstest.console.dll, TestRunRequest:SendTestRunMessage: Completed.
TpTrace Verbose: 0 : 26848, 4, 2024/01/15, 12:59:29.020, 1098155674478, vstest.console.dll, MulticastDelegateUtilities.SafeInvoke: InternalTestLoggerEvents.SendTestRunMessage: Invoking callback 1/1 for Microsoft.VisualStudio.TestPlatform.CommandLine.Internal.ConsoleLogger., took 0 ms.
TpTrace Verbose: 0 : 26848, 12, 2024/01/15, 12:59:29.020, 1098155675081, vstest.console.dll, MulticastDelegateUtilities.SafeInvoke: LengthPrefixCommunicationChannel: MessageReceived: Invoking callback 1/1 for Microsoft.VisualStudio.TestPlatform.CommunicationUtilities.TestRequestSender+<>c__DisplayClass34_0., took 3 ms.
TpTrace Verbose: 0 : 26848, 12, 2024/01/15, 12:59:29.021, 1098155675972, vstest.console.dll, TcpClientExtensions.MessageLoopAsync: Polling on remoteEndPoint: 127.0.0.1:61429 localEndPoint: 127.0.0.1:61428
TpTrace Verbose: 0 : 26848, 5, 2024/01/15, 12:59:29.027, 1098155739829, vstest.console.dll, TestRequestSender.StartTestRun: Sending test run with message: {"Version":7,"MessageType":"TestExecution.StartWithSources","Payload":{"AdapterSourceMap":{"_none_":["C:\\Users\\User\\Documents\\GitHub\\VVS-Karmela\\bin\\Debug\\net5.0\\fine-code-coverage\\build-output\\Karmela.dll"]},"RunSettings":"<RunSettings>\r\n  <RunConfiguration>\r\n    <ResultsDirectory>C:\\Users\\User\\Documents\\GitHub\\VVS-Karmela\\bin\\Debug\\net5.0\\fine-code-coverage\\coverage-tool-output</ResultsDirectory>\r\n    <TargetFrameworkVersion>.NETCoreApp,Version=v5.0</TargetFrameworkVersion>\r\n    <DesignMode>False</DesignMode>\r\n    <CollectSourceInformation>False</CollectSourceInformation>\r\n  </RunConfiguration>\r\n  <LoggerRunSettings>\r\n    <Loggers>\r\n      <Logger friendlyName=\"blame\" enabled=\"True\" />\r\n      <Logger friendlyName=\"Console\" uri=\"logger://microsoft/TestPlatform/ConsoleLogger/v1\" assemblyQualifiedName=\"Microsoft.VisualStudio.TestPlatform.CommandLine.Internal.ConsoleLogger, vstest.console, Version=15.0.0.0, Culture=neutral, PublicKeyToken=b03f5f7f11d50a3a\" codeBase=\"C:\\Program Files\\dotnet\\sdk\\7.0.402\\vstest.console.dll\" enabled=\"True\" />\r\n    </Loggers>\r\n  </LoggerRunSettings>\r\n  <DataCollectionRunSettings>\r\n    <DataCollectors>\r\n      <DataCollector friendlyName=\"blame\" enabled=\"True\">\r\n        <Configuration>\r\n          <ResultsDirectory>C:\\Users\\User\\Documents\\GitHub\\VVS-Karmela\\bin\\Debug\\net5.0\\fine-code-coverage\\coverage-tool-output</ResultsDirectory>\r\n        </Configuration>\r\n      </DataCollector>\r\n    </DataCollectors>\r\n  </DataCollectionRunSettings>\r\n</RunSettings>","TestExecutionContext":{"FrequencyOfRunStatsChangeEvent":10,"RunStatsChangeEventTimeout":"00:00:01.5000000","InIsolation":false,"KeepAlive":false,"AreTestCaseLevelEventsRequired":false,"IsDebug":false,"TestCaseFilter":null,"FilterOptions":null},"Package":null}}
TpTrace Verbose: 0 : 26848, 5, 2024/01/15, 12:59:29.027, 1098155742676, vstest.console.dll, ParallelProxyExecutionManager.StartTestRunOnConcurrentManager: Execution started. Started clients: 1
TpTrace Verbose: 0 : 26848, 12, 2024/01/15, 12:59:29.258, 1098158048628, vstest.console.dll, TcpClientExtensions.MessageLoopAsync: NotifyDataAvailable remoteEndPoint: 127.0.0.1:61429 localEndPoint: 127.0.0.1:61428
TpTrace Verbose: 0 : 26848, 12, 2024/01/15, 12:59:29.258, 1098158050207, vstest.console.dll, TestRequestSender.OnExecutionMessageReceived: Received message: {"Version":7,"MessageType":"TestSession.Message","Payload":{"MessageLevel":0,"Message":"NUnit Adapter 4.4.0.0: Test execution started"}}
TpTrace Verbose: 0 : 26848, 12, 2024/01/15, 12:59:29.258, 1098158052635, vstest.console.dll, TestRunRequest:SendTestRunMessage: Starting.
TpTrace Verbose: 0 : 26848, 12, 2024/01/15, 12:59:29.258, 1098158053267, vstest.console.dll, MulticastDelegateUtilities.SafeInvoke: TestRun.LogMessages: Invoking callback 1/1 for Microsoft.VisualStudio.TestPlatform.CommandLine.TestRunResultAggregator., took 0 ms.
TpTrace Information: 0 : 26848, 12, 2024/01/15, 12:59:29.258, 1098158053539, vstest.console.dll, TestRunRequest:SendTestRunMessage: Completed.
TpTrace Verbose: 0 : 26848, 4, 2024/01/15, 12:59:29.258, 1098158053553, vstest.console.dll, MulticastDelegateUtilities.SafeInvoke: InternalTestLoggerEvents.SendTestRunMessage: Invoking callback 1/1 for Microsoft.VisualStudio.TestPlatform.CommandLine.Internal.ConsoleLogger., took 0 ms.
TpTrace Verbose: 0 : 26848, 12, 2024/01/15, 12:59:29.258, 1098158053788, vstest.console.dll, MulticastDelegateUtilities.SafeInvoke: LengthPrefixCommunicationChannel: MessageReceived: Invoking callback 1/1 for Microsoft.VisualStudio.TestPlatform.CommunicationUtilities.TestRequestSender+<>c__DisplayClass34_0., took 0 ms.
TpTrace Verbose: 0 : 26848, 12, 2024/01/15, 12:59:29.258, 1098158055056, vstest.console.dll, TcpClientExtensions.MessageLoopAsync: Polling on remoteEndPoint: 127.0.0.1:61429 localEndPoint: 127.0.0.1:61428
TpTrace Verbose: 0 : 26848, 12, 2024/01/15, 12:59:29.296, 1098158427848, vstest.console.dll, TcpClientExtensions.MessageLoopAsync: NotifyDataAvailable remoteEndPoint: 127.0.0.1:61429 localEndPoint: 127.0.0.1:61428
TpTrace Verbose: 0 : 26848, 12, 2024/01/15, 12:59:29.296, 1098158429230, vstest.console.dll, TestRequestSender.OnExecutionMessageReceived: Received message: {"Version":7,"MessageType":"TestSession.Message","Payload":{"MessageLevel":0,"Message":"Running all tests in C:\\Users\\User\\Documents\\GitHub\\VVS-Karmela\\bin\\Debug\\net5.0\\fine-code-coverage\\build-output\\Karmela.dll"}}
TpTrace Verbose: 0 : 26848, 12, 2024/01/15, 12:59:29.296, 1098158430345, vstest.console.dll, TestRunRequest:SendTestRunMessage: Starting.
TpTrace Verbose: 0 : 26848, 12, 2024/01/15, 12:59:29.296, 1098158430907, vstest.console.dll, MulticastDelegateUtilities.SafeInvoke: TestRun.LogMessages: Invoking callback 1/1 for Microsoft.VisualStudio.TestPlatform.CommandLine.TestRunResultAggregator., took 0 ms.
TpTrace Information: 0 : 26848, 12, 2024/01/15, 12:59:29.296, 1098158431174, vstest.console.dll, TestRunRequest:SendTestRunMessage: Completed.
TpTrace Verbose: 0 : 26848, 12, 2024/01/15, 12:59:29.296, 1098158431400, vstest.console.dll, MulticastDelegateUtilities.SafeInvoke: LengthPrefixCommunicationChannel: MessageReceived: Invoking callback 1/1 for Microsoft.VisualStudio.TestPlatform.CommunicationUtilities.TestRequestSender+<>c__DisplayClass34_0., took 0 ms.
TpTrace Verbose: 0 : 26848, 4, 2024/01/15, 12:59:29.296, 1098158431465, vstest.console.dll, MulticastDelegateUtilities.SafeInvoke: InternalTestLoggerEvents.SendTestRunMessage: Invoking callback 1/1 for Microsoft.VisualStudio.TestPlatform.CommandLine.Internal.ConsoleLogger., took 0 ms.
TpTrace Verbose: 0 : 26848, 12, 2024/01/15, 12:59:29.296, 1098158432374, vstest.console.dll, TcpClientExtensions.MessageLoopAsync: Polling on remoteEndPoint: 127.0.0.1:61429 localEndPoint: 127.0.0.1:61428
TpTrace Verbose: 0 : 26848, 12, 2024/01/15, 12:59:29.462, 1098160095473, vstest.console.dll, TcpClientExtensions.MessageLoopAsync: NotifyDataAvailable remoteEndPoint: 127.0.0.1:61429 localEndPoint: 127.0.0.1:61428
TpTrace Verbose: 0 : 26848, 12, 2024/01/15, 12:59:29.463, 1098160096875, vstest.console.dll, TestRequestSender.OnExecutionMessageReceived: Received message: {"Version":7,"MessageType":"TestSession.Message","Payload":{"MessageLevel":0,"Message":"   NUnit3TestExecutor discovered 6 of 6 NUnit test cases using Current Discovery mode, Non-Explicit run"}}
TpTrace Verbose: 0 : 26848, 12, 2024/01/15, 12:59:29.463, 1098160098002, vstest.console.dll, TestRunRequest:SendTestRunMessage: Starting.
TpTrace Verbose: 0 : 26848, 12, 2024/01/15, 12:59:29.463, 1098160098581, vstest.console.dll, MulticastDelegateUtilities.SafeInvoke: TestRun.LogMessages: Invoking callback 1/1 for Microsoft.VisualStudio.TestPlatform.CommandLine.TestRunResultAggregator., took 0 ms.
TpTrace Information: 0 : 26848, 12, 2024/01/15, 12:59:29.463, 1098160098936, vstest.console.dll, TestRunRequest:SendTestRunMessage: Completed.
TpTrace Verbose: 0 : 26848, 12, 2024/01/15, 12:59:29.463, 1098160099272, vstest.console.dll, MulticastDelegateUtilities.SafeInvoke: LengthPrefixCommunicationChannel: MessageReceived: Invoking callback 1/1 for Microsoft.VisualStudio.TestPlatform.CommunicationUtilities.TestRequestSender+<>c__DisplayClass34_0., took 0 ms.
TpTrace Verbose: 0 : 26848, 4, 2024/01/15, 12:59:29.463, 1098160098938, vstest.console.dll, MulticastDelegateUtilities.SafeInvoke: InternalTestLoggerEvents.SendTestRunMessage: Invoking callback 1/1 for Microsoft.VisualStudio.TestPlatform.CommandLine.Internal.ConsoleLogger., took 0 ms.
TpTrace Verbose: 0 : 26848, 12, 2024/01/15, 12:59:29.463, 1098160099577, vstest.console.dll, TcpClientExtensions.MessageLoopAsync: Polling on remoteEndPoint: 127.0.0.1:61429 localEndPoint: 127.0.0.1:61428
TpTrace Verbose: 0 : 26848, 12, 2024/01/15, 12:59:30.468, 1098170153711, vstest.console.dll, TcpClientExtensions.MessageLoopAsync: Polling on remoteEndPoint: 127.0.0.1:61429 localEndPoint: 127.0.0.1:61428
TpTrace Verbose: 0 : 26848, 12, 2024/01/15, 12:59:30.684, 1098172311568, vstest.console.dll, TcpClientExtensions.MessageLoopAsync: NotifyDataAvailable remoteEndPoint: 127.0.0.1:61429 localEndPoint: 127.0.0.1:61428
TpTrace Verbose: 0 : 26848, 12, 2024/01/15, 12:59:30.684, 1098172313231, vstest.console.dll, TestRequestSender.OnExecutionMessageReceived: Received message: {"Version":7,"MessageType":"TestExecution.StatsChange","Payload":{"NewTestResults":[],"TestRunStatistics":{"ExecutedTests":0,"Stats":{}},"ActiveTests":[{"Id":"417a3447-fdf4-9788-57fd-9bdf0b1434d1","FullyQualifiedName":"Karmela.Tests.BlizinaNaMapiTest","DisplayName":"BlizinaNaMapiTest","ExecutorUri":"executor://NUnit3TestExecutor","Source":"C:\\Users\\User\\Documents\\GitHub\\VVS-Karmela\\bin\\Debug\\net5.0\\fine-code-coverage\\build-output\\Karmela.dll","CodeFilePath":null,"LineNumber":0,"Properties":[{"Key":{"Id":"NUnit.Seed","Label":"Seed","Category":"","Description":"","Attributes":0,"ValueType":"System.String"},"Value":"1623249489"}]}]}}
TpTrace Verbose: 0 : 26848, 12, 2024/01/15, 12:59:30.726, 1098172734043, vstest.console.dll, TestRunRequest:SendTestRunStatsChange: Starting.
TpTrace Verbose: 0 : 26848, 12, 2024/01/15, 12:59:30.727, 1098172738873, vstest.console.dll, InProgress is BlizinaNaMapiTest
TpTrace Verbose: 0 : 26848, 12, 2024/01/15, 12:59:30.727, 1098172741140, vstest.console.dll, MulticastDelegateUtilities.SafeInvoke: TestRun.RunStatsChanged: Invoking callbacks was skipped because there are no subscribers.
TpTrace Information: 0 : 26848, 12, 2024/01/15, 12:59:30.727, 1098172741917, vstest.console.dll, TestRunRequest:SendTestRunStatsChange: Completed.
TpTrace Verbose: 0 : 26848, 12, 2024/01/15, 12:59:30.727, 1098172742698, vstest.console.dll, MulticastDelegateUtilities.SafeInvoke: LengthPrefixCommunicationChannel: MessageReceived: Invoking callback 1/1 for Microsoft.VisualStudio.TestPlatform.CommunicationUtilities.TestRequestSender+<>c__DisplayClass34_0., took 42 ms.
TpTrace Verbose: 0 : 26848, 12, 2024/01/15, 12:59:30.727, 1098172743491, vstest.console.dll, TcpClientExtensions.MessageLoopAsync: Polling on remoteEndPoint: 127.0.0.1:61429 localEndPoint: 127.0.0.1:61428
TpTrace Verbose: 0 : 26848, 12, 2024/01/15, 12:59:31.736, 1098182828821, vstest.console.dll, TcpClientExtensions.MessageLoopAsync: Polling on remoteEndPoint: 127.0.0.1:61429 localEndPoint: 127.0.0.1:61428
TpTrace Verbose: 0 : 26848, 12, 2024/01/15, 12:59:32.747, 1098192940605, vstest.console.dll, TcpClientExtensions.MessageLoopAsync: Polling on remoteEndPoint: 127.0.0.1:61429 localEndPoint: 127.0.0.1:61428
TpTrace Verbose: 0 : 26848, 12, 2024/01/15, 12:59:33.747, 1098202944368, vstest.console.dll, TcpClientExtensions.MessageLoopAsync: Polling on remoteEndPoint: 127.0.0.1:61429 localEndPoint: 127.0.0.1:61428
TpTrace Verbose: 0 : 26848, 12, 2024/01/15, 12:59:34.755, 1098213021955, vstest.console.dll, TcpClientExtensions.MessageLoopAsync: Polling on remoteEndPoint: 127.0.0.1:61429 localEndPoint: 127.0.0.1:61428
TpTrace Verbose: 0 : 26848, 12, 2024/01/15, 12:59:34.999, 1098215460191, vstest.console.dll, TcpClientExtensions.MessageLoopAsync: NotifyDataAvailable remoteEndPoint: 127.0.0.1:61429 localEndPoint: 127.0.0.1:61428
TpTrace Verbose: 0 : 26848, 12, 2024/01/15, 12:59:34.999, 1098215463875, vstest.console.dll, TestRequestSender.OnExecutionMessageReceived: Received message: {"Version":7,"MessageType":"TestExecution.StatsChange","Payload":{"NewTestResults":[{"TestCase":{"Id":"417a3447-fdf4-9788-57fd-9bdf0b1434d1","FullyQualifiedName":"Karmela.Tests.BlizinaNaMapiTest","DisplayName":"BlizinaNaMapiTest","ExecutorUri":"executor://NUnit3TestExecutor","Source":"C:\\Users\\User\\Documents\\GitHub\\VVS-Karmela\\bin\\Debug\\net5.0\\fine-code-coverage\\build-output\\Karmela.dll","CodeFilePath":null,"LineNumber":0,"Properties":[{"Key":{"Id":"NUnit.Seed","Label":"Seed","Category":"","Description":"","Attributes":0,"ValueType":"System.String"},"Value":"1623249489"}]},"Attachments":[],"Outcome":2,"ErrorMessage":"OpenQA.Selenium.NoSuchWindowException : no such window: target window already closed\r\nfrom unknown error: web view not found\r\n  (Session info: chrome=120.0.6099.217)","ErrorStackTrace":"   at OpenQA.Selenium.WebDriver.UnpackAndThrowOnError(Response errorResponse, String commandToExecute)\r\n   at OpenQA.Selenium.WebDriver.Execute(String driverCommandToExecute, Dictionary`2 parameters)\r\n   at OpenQA.Selenium.WebDriver.FindElement(String mechanism, String value)\r\n   at OpenQA.Selenium.By.<.ctor>b__11_0(ISearchContext context)\r\n   at OpenQA.Selenium.By.FindElement(ISearchContext context)\r\n   at OpenQA.Selenium.WebDriver.FindElement(By by)\r\n   at Karmela.Tests.BlizinaNaMapiTest() in C:\\Users\\User\\Documents\\GitHub\\VVS-Karmela\\Core\\Tests\\UnitTest1.cs:line 105\n","DisplayName":"BlizinaNaMapiTest","Messages":[],"ComputerName":"BERINA","Duration":"00:00:05.3455800","StartTime":"2024-01-15T11:59:29.5136624+00:00","EndTime":"2024-01-15T11:59:34.8589819+00:00","Properties":[{"Key":{"Id":"NUnit.Seed","Label":"Seed","Category":"","Description":"","Attributes":0,"ValueType":"System.String"},"Value":"1623249489"}]}],"TestRunStatistics":{"ExecutedTests":1,"Stats":{"Failed":1}},"ActiveTests":[{"Id":"98d7a68c-064d-be51-f920-fee15722c99c","FullyQualifiedName":"Karmela.Tests.ImplicitniLoginTest","DisplayName":"ImplicitniLoginTest","ExecutorUri":"executor://NUnit3TestExecutor","Source":"C:\\Users\\User\\Documents\\GitHub\\VVS-Karmela\\bin\\Debug\\net5.0\\fine-code-coverage\\build-output\\Karmela.dll","CodeFilePath":null,"LineNumber":0,"Properties":[{"Key":{"Id":"NUnit.Seed","Label":"Seed","Category":"","Description":"","Attributes":0,"ValueType":"System.String"},"Value":"534169883"}]}]}}
TpTrace Verbose: 0 : 26848, 12, 2024/01/15, 12:59:35.033, 1098215798574, vstest.console.dll, TestRunRequest:SendTestRunStatsChange: Starting.
TpTrace Verbose: 0 : 26848, 12, 2024/01/15, 12:59:35.033, 1098215800231, vstest.console.dll, InProgress is ImplicitniLoginTest
TpTrace Verbose: 0 : 26848, 12, 2024/01/15, 12:59:35.033, 1098215804967, vstest.console.dll, MulticastDelegateUtilities.SafeInvoke: TestRun.RunStatsChanged: Invoking callbacks was skipped because there are no subscribers.
TpTrace Information: 0 : 26848, 12, 2024/01/15, 12:59:35.034, 1098215805821, vstest.console.dll, TestRunRequest:SendTestRunStatsChange: Completed.
TpTrace Verbose: 0 : 26848, 12, 2024/01/15, 12:59:35.034, 1098215806582, vstest.console.dll, MulticastDelegateUtilities.SafeInvoke: LengthPrefixCommunicationChannel: MessageReceived: Invoking callback 1/1 for Microsoft.VisualStudio.TestPlatform.CommunicationUtilities.TestRequestSender+<>c__DisplayClass34_0., took 34 ms.
TpTrace Verbose: 0 : 26848, 12, 2024/01/15, 12:59:35.034, 1098215807907, vstest.console.dll, TcpClientExtensions.MessageLoopAsync: Polling on remoteEndPoint: 127.0.0.1:61429 localEndPoint: 127.0.0.1:61428
TpTrace Verbose: 0 : 26848, 4, 2024/01/15, 12:59:35.043, 1098215900978, vstest.console.dll, MulticastDelegateUtilities.SafeInvoke: InternalTestLoggerEvents.SendTestResult: Invoking callback 1/1 for Microsoft.VisualStudio.TestPlatform.CommandLine.Internal.ConsoleLogger., took 9 ms.
TpTrace Verbose: 0 : 26848, 12, 2024/01/15, 12:59:36.037, 1098225840345, vstest.console.dll, TcpClientExtensions.MessageLoopAsync: Polling on remoteEndPoint: 127.0.0.1:61429 localEndPoint: 127.0.0.1:61428
TpTrace Verbose: 0 : 26848, 12, 2024/01/15, 12:59:37.044, 1098235909909, vstest.console.dll, TcpClientExtensions.MessageLoopAsync: Polling on remoteEndPoint: 127.0.0.1:61429 localEndPoint: 127.0.0.1:61428
TpTrace Verbose: 0 : 26848, 12, 2024/01/15, 12:59:37.980, 1098245269249, vstest.console.dll, TcpClientExtensions.MessageLoopAsync: NotifyDataAvailable remoteEndPoint: 127.0.0.1:61429 localEndPoint: 127.0.0.1:61428
TpTrace Verbose: 0 : 26848, 12, 2024/01/15, 12:59:37.980, 1098245271972, vstest.console.dll, TestRequestSender.OnExecutionMessageReceived: Received message: {"Version":7,"MessageType":"TestExecution.StatsChange","Payload":{"NewTestResults":[{"TestCase":{"Id":"98d7a68c-064d-be51-f920-fee15722c99c","FullyQualifiedName":"Karmela.Tests.ImplicitniLoginTest","DisplayName":"ImplicitniLoginTest","ExecutorUri":"executor://NUnit3TestExecutor","Source":"C:\\Users\\User\\Documents\\GitHub\\VVS-Karmela\\bin\\Debug\\net5.0\\fine-code-coverage\\build-output\\Karmela.dll","CodeFilePath":null,"LineNumber":0,"Properties":[{"Key":{"Id":"NUnit.Seed","Label":"Seed","Category":"","Description":"","Attributes":0,"ValueType":"System.String"},"Value":"534169883"}]},"Attachments":[],"Outcome":2,"ErrorMessage":"OpenQA.Selenium.NoSuchWindowException : no such window: target window already closed\r\nfrom unknown error: web view not found\r\n  (Session info: chrome=120.0.6099.217)","ErrorStackTrace":"   at OpenQA.Selenium.WebDriver.UnpackAndThrowOnError(Response errorResponse, String commandToExecute)\r\n   at OpenQA.Selenium.WebDriver.Execute(String driverCommandToExecute, Dictionary`2 parameters)\r\n   at OpenQA.Selenium.WebDriver.FindElement(String mechanism, String value)\r\n   at OpenQA.Selenium.By.<.ctor>b__11_0(ISearchContext context)\r\n   at OpenQA.Selenium.By.FindElement(ISearchContext context)\r\n   at OpenQA.Selenium.WebDriver.FindElement(By by)\r\n   at Karmela.Tests.ImplicitniLoginTest() in C:\\Users\\User\\Documents\\GitHub\\VVS-Karmela\\Core\\Tests\\UnitTest1.cs:line 129\n","DisplayName":"ImplicitniLoginTest","Messages":[],"ComputerName":"BERINA","Duration":"00:00:03.1103640","StartTime":"2024-01-15T11:59:34.8643348+00:00","EndTime":"2024-01-15T11:59:37.9747002+00:00","Properties":[{"Key":{"Id":"NUnit.Seed","Label":"Seed","Category":"","Description":"","Attributes":0,"ValueType":"System.String"},"Value":"534169883"}]}],"TestRunStatistics":{"ExecutedTests":2,"Stats":{"Failed":2}},"ActiveTests":[{"Id":"e83b7031-4d33-e926-7715-b1300e69bce2","FullyQualifiedName":"Karmela.Tests.LokacijaTest","DisplayName":"LokacijaTest","ExecutorUri":"executor://NUnit3TestExecutor","Source":"C:\\Users\\User\\Documents\\GitHub\\VVS-Karmela\\bin\\Debug\\net5.0\\fine-code-coverage\\build-output\\Karmela.dll","CodeFilePath":null,"LineNumber":0,"Properties":[{"Key":{"Id":"NUnit.Seed","Label":"Seed","Category":"","Description":"","Attributes":0,"ValueType":"System.String"},"Value":"1420583419"}]}]}}
TpTrace Verbose: 0 : 26848, 12, 2024/01/15, 12:59:37.982, 1098245287249, vstest.console.dll, TestRunRequest:SendTestRunStatsChange: Starting.
TpTrace Verbose: 0 : 26848, 12, 2024/01/15, 12:59:37.982, 1098245288433, vstest.console.dll, InProgress is LokacijaTest
TpTrace Verbose: 0 : 26848, 12, 2024/01/15, 12:59:37.982, 1098245289406, vstest.console.dll, MulticastDelegateUtilities.SafeInvoke: TestRun.RunStatsChanged: Invoking callbacks was skipped because there are no subscribers.
TpTrace Information: 0 : 26848, 12, 2024/01/15, 12:59:37.982, 1098245289997, vstest.console.dll, TestRunRequest:SendTestRunStatsChange: Completed.
TpTrace Verbose: 0 : 26848, 12, 2024/01/15, 12:59:37.982, 1098245290590, vstest.console.dll, MulticastDelegateUtilities.SafeInvoke: LengthPrefixCommunicationChannel: MessageReceived: Invoking callback 1/1 for Microsoft.VisualStudio.TestPlatform.CommunicationUtilities.TestRequestSender+<>c__DisplayClass34_0., took 1 ms.
TpTrace Verbose: 0 : 26848, 12, 2024/01/15, 12:59:37.982, 1098245291260, vstest.console.dll, TcpClientExtensions.MessageLoopAsync: Polling on remoteEndPoint: 127.0.0.1:61429 localEndPoint: 127.0.0.1:61428
TpTrace Verbose: 0 : 26848, 4, 2024/01/15, 12:59:37.983, 1098245297657, vstest.console.dll, MulticastDelegateUtilities.SafeInvoke: InternalTestLoggerEvents.SendTestResult: Invoking callback 1/1 for Microsoft.VisualStudio.TestPlatform.CommandLine.Internal.ConsoleLogger., took 0 ms.
TpTrace Verbose: 0 : 26848, 12, 2024/01/15, 12:59:38.994, 1098255410044, vstest.console.dll, TcpClientExtensions.MessageLoopAsync: Polling on remoteEndPoint: 127.0.0.1:61429 localEndPoint: 127.0.0.1:61428
TpTrace Verbose: 0 : 26848, 12, 2024/01/15, 12:59:39.997, 1098265440844, vstest.console.dll, TcpClientExtensions.MessageLoopAsync: Polling on remoteEndPoint: 127.0.0.1:61429 localEndPoint: 127.0.0.1:61428
TpTrace Verbose: 0 : 26848, 12, 2024/01/15, 12:59:40.999, 1098275459462, vstest.console.dll, TcpClientExtensions.MessageLoopAsync: Polling on remoteEndPoint: 127.0.0.1:61429 localEndPoint: 127.0.0.1:61428
TpTrace Verbose: 0 : 26848, 12, 2024/01/15, 12:59:41.344, 1098278906475, vstest.console.dll, TcpClientExtensions.MessageLoopAsync: NotifyDataAvailable remoteEndPoint: 127.0.0.1:61429 localEndPoint: 127.0.0.1:61428
TpTrace Verbose: 0 : 26848, 12, 2024/01/15, 12:59:41.344, 1098278909108, vstest.console.dll, TestRequestSender.OnExecutionMessageReceived: Received message: {"Version":7,"MessageType":"TestExecution.StatsChange","Payload":{"NewTestResults":[{"TestCase":{"Id":"e83b7031-4d33-e926-7715-b1300e69bce2","FullyQualifiedName":"Karmela.Tests.LokacijaTest","DisplayName":"LokacijaTest","ExecutorUri":"executor://NUnit3TestExecutor","Source":"C:\\Users\\User\\Documents\\GitHub\\VVS-Karmela\\bin\\Debug\\net5.0\\fine-code-coverage\\build-output\\Karmela.dll","CodeFilePath":null,"LineNumber":0,"Properties":[{"Key":{"Id":"NUnit.Seed","Label":"Seed","Category":"","Description":"","Attributes":0,"ValueType":"System.String"},"Value":"1420583419"}]},"Attachments":[],"Outcome":2,"ErrorMessage":"OpenQA.Selenium.NoSuchWindowException : no such window: target window already closed\r\nfrom unknown error: web view not found\r\n  (Session info: chrome=120.0.6099.217)","ErrorStackTrace":"   at OpenQA.Selenium.WebDriver.UnpackAndThrowOnError(Response errorResponse, String commandToExecute)\r\n   at OpenQA.Selenium.WebDriver.Execute(String driverCommandToExecute, Dictionary`2 parameters)\r\n   at OpenQA.Selenium.WebDriver.FindElement(String mechanism, String value)\r\n   at OpenQA.Selenium.By.<.ctor>b__11_0(ISearchContext context)\r\n   at OpenQA.Selenium.By.FindElement(ISearchContext context)\r\n   at OpenQA.Selenium.WebDriver.FindElement(By by)\r\n   at Karmela.Tests.LokacijaTest() in C:\\Users\\User\\Documents\\GitHub\\VVS-Karmela\\Core\\Tests\\UnitTest1.cs:line 81\n","DisplayName":"LokacijaTest","Messages":[],"ComputerName":"BERINA","Duration":"00:00:03.3649210","StartTime":"2024-01-15T11:59:37.9747692+00:00","EndTime":"2024-01-15T11:59:41.3396873+00:00","Properties":[{"Key":{"Id":"NUnit.Seed","Label":"Seed","Category":"","Description":"","Attributes":0,"ValueType":"System.String"},"Value":"1420583419"}]}],"TestRunStatistics":{"ExecutedTests":3,"Stats":{"Failed":3}},"ActiveTests":[{"Id":"25c1a098-d2c7-2a0c-d833-7161a61ddbdb","FullyQualifiedName":"Karmela.Tests.NovostiTest","DisplayName":"NovostiTest","ExecutorUri":"executor://NUnit3TestExecutor","Source":"C:\\Users\\User\\Documents\\GitHub\\VVS-Karmela\\bin\\Debug\\net5.0\\fine-code-coverage\\build-output\\Karmela.dll","CodeFilePath":null,"LineNumber":0,"Properties":[{"Key":{"Id":"NUnit.Seed","Label":"Seed","Category":"","Description":"","Attributes":0,"ValueType":"System.String"},"Value":"289937421"}]}]}}
TpTrace Verbose: 0 : 26848, 12, 2024/01/15, 12:59:41.345, 1098278918096, vstest.console.dll, TestRunRequest:SendTestRunStatsChange: Starting.
TpTrace Verbose: 0 : 26848, 12, 2024/01/15, 12:59:41.345, 1098278919196, vstest.console.dll, InProgress is NovostiTest
TpTrace Verbose: 0 : 26848, 12, 2024/01/15, 12:59:41.345, 1098278920263, vstest.console.dll, MulticastDelegateUtilities.SafeInvoke: TestRun.RunStatsChanged: Invoking callbacks was skipped because there are no subscribers.
TpTrace Information: 0 : 26848, 12, 2024/01/15, 12:59:41.345, 1098278920860, vstest.console.dll, TestRunRequest:SendTestRunStatsChange: Completed.
TpTrace Verbose: 0 : 26848, 12, 2024/01/15, 12:59:41.345, 1098278921447, vstest.console.dll, MulticastDelegateUtilities.SafeInvoke: LengthPrefixCommunicationChannel: MessageReceived: Invoking callback 1/1 for Microsoft.VisualStudio.TestPlatform.CommunicationUtilities.TestRequestSender+<>c__DisplayClass34_0., took 1 ms.
TpTrace Verbose: 0 : 26848, 12, 2024/01/15, 12:59:41.345, 1098278921995, vstest.console.dll, TcpClientExtensions.MessageLoopAsync: Polling on remoteEndPoint: 127.0.0.1:61429 localEndPoint: 127.0.0.1:61428
TpTrace Verbose: 0 : 26848, 4, 2024/01/15, 12:59:41.346, 1098278927721, vstest.console.dll, MulticastDelegateUtilities.SafeInvoke: InternalTestLoggerEvents.SendTestResult: Invoking callback 1/1 for Microsoft.VisualStudio.TestPlatform.CommandLine.Internal.ConsoleLogger., took 0 ms.
TpTrace Verbose: 0 : 26848, 12, 2024/01/15, 12:59:42.351, 1098288980491, vstest.console.dll, TcpClientExtensions.MessageLoopAsync: Polling on remoteEndPoint: 127.0.0.1:61429 localEndPoint: 127.0.0.1:61428
TpTrace Verbose: 0 : 26848, 12, 2024/01/15, 12:59:43.365, 1098299117149, vstest.console.dll, TcpClientExtensions.MessageLoopAsync: Polling on remoteEndPoint: 127.0.0.1:61429 localEndPoint: 127.0.0.1:61428
TpTrace Verbose: 0 : 26848, 12, 2024/01/15, 12:59:44.365, 1098309117368, vstest.console.dll, TcpClientExtensions.MessageLoopAsync: Polling on remoteEndPoint: 127.0.0.1:61429 localEndPoint: 127.0.0.1:61428
TpTrace Verbose: 0 : 26848, 12, 2024/01/15, 12:59:45.365, 1098319125218, vstest.console.dll, TcpClientExtensions.MessageLoopAsync: Polling on remoteEndPoint: 127.0.0.1:61429 localEndPoint: 127.0.0.1:61428
TpTrace Verbose: 0 : 26848, 12, 2024/01/15, 12:59:46.372, 1098329185834, vstest.console.dll, TcpClientExtensions.MessageLoopAsync: Polling on remoteEndPoint: 127.0.0.1:61429 localEndPoint: 127.0.0.1:61428
TpTrace Verbose: 0 : 26848, 12, 2024/01/15, 12:59:47.385, 1098339320655, vstest.console.dll, TcpClientExtensions.MessageLoopAsync: Polling on remoteEndPoint: 127.0.0.1:61429 localEndPoint: 127.0.0.1:61428
TpTrace Verbose: 0 : 26848, 11, 2024/01/15, 12:59:48.268, 1098348148215, vstest.console.dll, TestHostManagerCallbacks.ctor: Experimental forwarding output is disabled.
TpTrace Warning: 0 : 26848, 11, 2024/01/15, 12:59:48.268, 1098348150628, vstest.console.dll, TestHostManagerCallbacks.ErrorReceivedCallback Test host standard error line: [1705319988.256][SEVERE]: Unable to receive message from renderer
TpTrace Verbose: 0 : 26848, 12, 2024/01/15, 12:59:48.388, 1098349354770, vstest.console.dll, TcpClientExtensions.MessageLoopAsync: Polling on remoteEndPoint: 127.0.0.1:61429 localEndPoint: 127.0.0.1:61428
TpTrace Verbose: 0 : 26848, 12, 2024/01/15, 12:59:48.626, 1098351729957, vstest.console.dll, TcpClientExtensions.MessageLoopAsync: NotifyDataAvailable remoteEndPoint: 127.0.0.1:61429 localEndPoint: 127.0.0.1:61428
TpTrace Verbose: 0 : 26848, 12, 2024/01/15, 12:59:48.626, 1098351735710, vstest.console.dll, TestRequestSender.OnExecutionMessageReceived: Received message: {"Version":7,"MessageType":"TestExecution.StatsChange","Payload":{"NewTestResults":[{"TestCase":{"Id":"25c1a098-d2c7-2a0c-d833-7161a61ddbdb","FullyQualifiedName":"Karmela.Tests.NovostiTest","DisplayName":"NovostiTest","ExecutorUri":"executor://NUnit3TestExecutor","Source":"C:\\Users\\User\\Documents\\GitHub\\VVS-Karmela\\bin\\Debug\\net5.0\\fine-code-coverage\\build-output\\Karmela.dll","CodeFilePath":null,"LineNumber":0,"Properties":[{"Key":{"Id":"NUnit.Seed","Label":"Seed","Category":"","Description":"","Attributes":0,"ValueType":"System.String"},"Value":"289937421"}]},"Attachments":[],"Outcome":2,"ErrorMessage":"OpenQA.Selenium.WebDriverException : target frame detached\r\n  (failed to check if window was closed: disconnected: Unable to receive message from renderer)\r\n  (Session info: chrome=120.0.6099.217)","ErrorStackTrace":"   at OpenQA.Selenium.WebDriver.UnpackAndThrowOnError(Response errorResponse, String commandToExecute)\r\n   at OpenQA.Selenium.WebDriver.Execute(String driverCommandToExecute, Dictionary`2 parameters)\r\n   at OpenQA.Selenium.WebDriver.InternalExecute(String driverCommandToExecute, Dictionary`2 parameters)\r\n   at OpenQA.Selenium.WebElement.Execute(String commandToExecute, Dictionary`2 parameters)\r\n   at OpenQA.Selenium.WebElement.Click()\r\n   at Karmela.Tests.NovostiTest() in C:\\Users\\User\\Documents\\GitHub\\VVS-Karmela\\Core\\Tests\\UnitTest1.cs:line 29\n","DisplayName":"NovostiTest","Messages":[],"ComputerName":"BERINA","Duration":"00:00:07.2806540","StartTime":"2024-01-15T11:59:41.3397965+00:00","EndTime":"2024-01-15T11:59:48.6204492+00:00","Properties":[{"Key":{"Id":"NUnit.Seed","Label":"Seed","Category":"","Description":"","Attributes":0,"ValueType":"System.String"},"Value":"289937421"}]}],"TestRunStatistics":{"ExecutedTests":4,"Stats":{"Failed":4}},"ActiveTests":[{"Id":"8eb2c4e2-fa2a-2dd6-e201-a26e3b9c1180","FullyQualifiedName":"Karmela.Tests.PregledDetaljiTest","DisplayName":"PregledDetaljiTest","ExecutorUri":"executor://NUnit3TestExecutor","Source":"C:\\Users\\User\\Documents\\GitHub\\VVS-Karmela\\bin\\Debug\\net5.0\\fine-code-coverage\\build-output\\Karmela.dll","CodeFilePath":null,"LineNumber":0,"Properties":[{"Key":{"Id":"NUnit.Seed","Label":"Seed","Category":"","Description":"","Attributes":0,"ValueType":"System.String"},"Value":"298993356"}]}]}}
TpTrace Verbose: 0 : 26848, 12, 2024/01/15, 12:59:48.629, 1098351759804, vstest.console.dll, TestRunRequest:SendTestRunStatsChange: Starting.
TpTrace Verbose: 0 : 26848, 12, 2024/01/15, 12:59:48.629, 1098351761874, vstest.console.dll, InProgress is PregledDetaljiTest
TpTrace Verbose: 0 : 26848, 12, 2024/01/15, 12:59:48.629, 1098351762959, vstest.console.dll, MulticastDelegateUtilities.SafeInvoke: TestRun.RunStatsChanged: Invoking callbacks was skipped because there are no subscribers.
TpTrace Information: 0 : 26848, 12, 2024/01/15, 12:59:48.629, 1098351763524, vstest.console.dll, TestRunRequest:SendTestRunStatsChange: Completed.
TpTrace Verbose: 0 : 26848, 12, 2024/01/15, 12:59:48.629, 1098351764238, vstest.console.dll, MulticastDelegateUtilities.SafeInvoke: LengthPrefixCommunicationChannel: MessageReceived: Invoking callback 1/1 for Microsoft.VisualStudio.TestPlatform.CommunicationUtilities.TestRequestSender+<>c__DisplayClass34_0., took 3 ms.
TpTrace Verbose: 0 : 26848, 12, 2024/01/15, 12:59:48.629, 1098351764818, vstest.console.dll, TcpClientExtensions.MessageLoopAsync: Polling on remoteEndPoint: 127.0.0.1:61429 localEndPoint: 127.0.0.1:61428
TpTrace Verbose: 0 : 26848, 4, 2024/01/15, 12:59:48.631, 1098351776124, vstest.console.dll, MulticastDelegateUtilities.SafeInvoke: InternalTestLoggerEvents.SendTestResult: Invoking callback 1/1 for Microsoft.VisualStudio.TestPlatform.CommandLine.Internal.ConsoleLogger., took 0 ms.
TpTrace Verbose: 0 : 26848, 12, 2024/01/15, 12:59:49.639, 1098361859424, vstest.console.dll, TcpClientExtensions.MessageLoopAsync: Polling on remoteEndPoint: 127.0.0.1:61429 localEndPoint: 127.0.0.1:61428
TpTrace Verbose: 0 : 26848, 12, 2024/01/15, 12:59:50.650, 1098371974399, vstest.console.dll, TcpClientExtensions.MessageLoopAsync: Polling on remoteEndPoint: 127.0.0.1:61429 localEndPoint: 127.0.0.1:61428
TpTrace Verbose: 0 : 26848, 12, 2024/01/15, 12:59:51.661, 1098382081458, vstest.console.dll, TcpClientExtensions.MessageLoopAsync: Polling on remoteEndPoint: 127.0.0.1:61429 localEndPoint: 127.0.0.1:61428
TpTrace Verbose: 0 : 26848, 12, 2024/01/15, 12:59:51.763, 1098383098554, vstest.console.dll, TcpClientExtensions.MessageLoopAsync: NotifyDataAvailable remoteEndPoint: 127.0.0.1:61429 localEndPoint: 127.0.0.1:61428
TpTrace Verbose: 0 : 26848, 12, 2024/01/15, 12:59:51.763, 1098383105570, vstest.console.dll, TestRequestSender.OnExecutionMessageReceived: Received message: {"Version":7,"MessageType":"TestExecution.StatsChange","Payload":{"NewTestResults":[{"TestCase":{"Id":"8eb2c4e2-fa2a-2dd6-e201-a26e3b9c1180","FullyQualifiedName":"Karmela.Tests.PregledDetaljiTest","DisplayName":"PregledDetaljiTest","ExecutorUri":"executor://NUnit3TestExecutor","Source":"C:\\Users\\User\\Documents\\GitHub\\VVS-Karmela\\bin\\Debug\\net5.0\\fine-code-coverage\\build-output\\Karmela.dll","CodeFilePath":null,"LineNumber":0,"Properties":[{"Key":{"Id":"NUnit.Seed","Label":"Seed","Category":"","Description":"","Attributes":0,"ValueType":"System.String"},"Value":"298993356"}]},"Attachments":[],"Outcome":2,"ErrorMessage":"System.NullReferenceException : Object reference not set to an instance of an object.","ErrorStackTrace":"   at Karmela.Tests.PregledDetaljiTest() in C:\\Users\\User\\Documents\\GitHub\\VVS-Karmela\\Core\\Tests\\UnitTest1.cs:line 65\n","DisplayName":"PregledDetaljiTest","Messages":[],"ComputerName":"BERINA","Duration":"00:00:03.1352210","StartTime":"2024-01-15T11:59:48.6223106+00:00","EndTime":"2024-01-15T11:59:51.7575281+00:00","Properties":[{"Key":{"Id":"NUnit.Seed","Label":"Seed","Category":"","Description":"","Attributes":0,"ValueType":"System.String"},"Value":"298993356"}]}],"TestRunStatistics":{"ExecutedTests":5,"Stats":{"Failed":5}},"ActiveTests":[{"Id":"4cd2dfe2-1d7b-75e2-ea44-ac08bde1fe52","FullyQualifiedName":"Karmela.Tests.SoriranjeTest","DisplayName":"SoriranjeTest","ExecutorUri":"executor://NUnit3TestExecutor","Source":"C:\\Users\\User\\Documents\\GitHub\\VVS-Karmela\\bin\\Debug\\net5.0\\fine-code-coverage\\build-output\\Karmela.dll","CodeFilePath":null,"LineNumber":0,"Properties":[{"Key":{"Id":"NUnit.Seed","Label":"Seed","Category":"","Description":"","Attributes":0,"ValueType":"System.String"},"Value":"108088457"}]}]}}
TpTrace Verbose: 0 : 26848, 12, 2024/01/15, 12:59:51.764, 1098383113224, vstest.console.dll, TestRunRequest:SendTestRunStatsChange: Starting.
TpTrace Verbose: 0 : 26848, 12, 2024/01/15, 12:59:51.764, 1098383115706, vstest.console.dll, InProgress is SoriranjeTest
TpTrace Verbose: 0 : 26848, 12, 2024/01/15, 12:59:51.765, 1098383116966, vstest.console.dll, MulticastDelegateUtilities.SafeInvoke: TestRun.RunStatsChanged: Invoking callbacks was skipped because there are no subscribers.
TpTrace Information: 0 : 26848, 12, 2024/01/15, 12:59:51.765, 1098383117522, vstest.console.dll, TestRunRequest:SendTestRunStatsChange: Completed.
TpTrace Verbose: 0 : 26848, 12, 2024/01/15, 12:59:51.765, 1098383118025, vstest.console.dll, MulticastDelegateUtilities.SafeInvoke: LengthPrefixCommunicationChannel: MessageReceived: Invoking callback 1/1 for Microsoft.VisualStudio.TestPlatform.CommunicationUtilities.TestRequestSender+<>c__DisplayClass34_0., took 1 ms.
TpTrace Verbose: 0 : 26848, 12, 2024/01/15, 12:59:51.765, 1098383118519, vstest.console.dll, TcpClientExtensions.MessageLoopAsync: Polling on remoteEndPoint: 127.0.0.1:61429 localEndPoint: 127.0.0.1:61428
TpTrace Verbose: 0 : 26848, 4, 2024/01/15, 12:59:51.765, 1098383123710, vstest.console.dll, MulticastDelegateUtilities.SafeInvoke: InternalTestLoggerEvents.SendTestResult: Invoking callback 1/1 for Microsoft.VisualStudio.TestPlatform.CommandLine.Internal.ConsoleLogger., took 0 ms.
TpTrace Verbose: 0 : 26848, 12, 2024/01/15, 12:59:52.765, 1098393121188, vstest.console.dll, TcpClientExtensions.MessageLoopAsync: Polling on remoteEndPoint: 127.0.0.1:61429 localEndPoint: 127.0.0.1:61428
TpTrace Verbose: 0 : 26848, 12, 2024/01/15, 12:59:53.772, 1098403190177, vstest.console.dll, TcpClientExtensions.MessageLoopAsync: Polling on remoteEndPoint: 127.0.0.1:61429 localEndPoint: 127.0.0.1:61428
TpTrace Verbose: 0 : 26848, 11, 2024/01/15, 12:59:54.410, 1098409574081, vstest.console.dll, TestHostManagerCallbacks.ctor: Experimental forwarding output is disabled.
TpTrace Warning: 0 : 26848, 11, 2024/01/15, 12:59:54.411, 1098409580326, vstest.console.dll, TestHostManagerCallbacks.ErrorReceivedCallback Test host standard error line: [1705319994.408][SEVERE]: Unable to receive message from renderer
TpTrace Verbose: 0 : 26848, 12, 2024/01/15, 12:59:54.722, 1098412686547, vstest.console.dll, TcpClientExtensions.MessageLoopAsync: NotifyDataAvailable remoteEndPoint: 127.0.0.1:61429 localEndPoint: 127.0.0.1:61428
TpTrace Verbose: 0 : 26848, 12, 2024/01/15, 12:59:54.722, 1098412688568, vstest.console.dll, TestRequestSender.OnExecutionMessageReceived: Received message: {"Version":7,"MessageType":"TestSession.Message","Payload":{"MessageLevel":0,"Message":"NUnit Adapter 4.4.0.0: Test execution complete"}}
TpTrace Verbose: 0 : 26848, 12, 2024/01/15, 12:59:54.722, 1098412690283, vstest.console.dll, TestRunRequest:SendTestRunMessage: Starting.
TpTrace Verbose: 0 : 26848, 12, 2024/01/15, 12:59:54.722, 1098412691913, vstest.console.dll, MulticastDelegateUtilities.SafeInvoke: TestRun.LogMessages: Invoking callback 1/1 for Microsoft.VisualStudio.TestPlatform.CommandLine.TestRunResultAggregator., took 0 ms.
TpTrace Information: 0 : 26848, 12, 2024/01/15, 12:59:54.722, 1098412692679, vstest.console.dll, TestRunRequest:SendTestRunMessage: Completed.
TpTrace Verbose: 0 : 26848, 12, 2024/01/15, 12:59:54.722, 1098412693341, vstest.console.dll, MulticastDelegateUtilities.SafeInvoke: LengthPrefixCommunicationChannel: MessageReceived: Invoking callback 1/1 for Microsoft.VisualStudio.TestPlatform.CommunicationUtilities.TestRequestSender+<>c__DisplayClass34_0., took 0 ms.
TpTrace Verbose: 0 : 26848, 12, 2024/01/15, 12:59:54.722, 1098412693903, vstest.console.dll, TcpClientExtensions.MessageLoopAsync: Polling on remoteEndPoint: 127.0.0.1:61429 localEndPoint: 127.0.0.1:61428
TpTrace Verbose: 0 : 26848, 4, 2024/01/15, 12:59:54.723, 1098412698539, vstest.console.dll, MulticastDelegateUtilities.SafeInvoke: InternalTestLoggerEvents.SendTestRunMessage: Invoking callback 1/1 for Microsoft.VisualStudio.TestPlatform.CommandLine.Internal.ConsoleLogger., took 0 ms.
TpTrace Verbose: 0 : 26848, 12, 2024/01/15, 12:59:54.769, 1098413161473, vstest.console.dll, TcpClientExtensions.MessageLoopAsync: NotifyDataAvailable remoteEndPoint: 127.0.0.1:61429 localEndPoint: 127.0.0.1:61428
TpTrace Verbose: 0 : 26848, 12, 2024/01/15, 12:59:54.769, 1098413163987, vstest.console.dll, TestRequestSender.OnExecutionMessageReceived: Received message: {"Version":7,"MessageType":"TestExecution.Completed","Payload":{"TestRunCompleteArgs":{"TestRunStatistics":{"ExecutedTests":6,"Stats":{"Failed":6}},"IsCanceled":false,"IsAborted":false,"Error":null,"AttachmentSets":[],"InvokedDataCollectors":[],"ElapsedTimeInRunningTests":"00:00:25.5110411","Metrics":{},"DiscoveredExtensions":{"TestDiscoverers":["NUnit.VisualStudio.TestAdapter.NUnit3TestDiscoverer, NUnit3.TestAdapter, Version=4.4.0.0, Culture=neutral, PublicKeyToken=4cb40d35494691ac"],"TestExecutors":["executor://NUnit3TestExecutor"],"TestExecutors2":[],"TestSettingsProviders":[]}},"LastRunTests":{"NewTestResults":[{"TestCase":{"Id":"4cd2dfe2-1d7b-75e2-ea44-ac08bde1fe52","FullyQualifiedName":"Karmela.Tests.SoriranjeTest","DisplayName":"SoriranjeTest","ExecutorUri":"executor://NUnit3TestExecutor","Source":"C:\\Users\\User\\Documents\\GitHub\\VVS-Karmela\\bin\\Debug\\net5.0\\fine-code-coverage\\build-output\\Karmela.dll","CodeFilePath":null,"LineNumber":0,"Properties":[{"Key":{"Id":"NUnit.Seed","Label":"Seed","Category":"","Description":"","Attributes":0,"ValueType":"System.String"},"Value":"108088457"}]},"Attachments":[],"Outcome":2,"ErrorMessage":"OpenQA.Selenium.WebDriverException : disconnected: received Inspector.detached event\r\n  (failed to check if window was closed: disconnected: Unable to receive message from renderer)\r\n  (Session info: chrome=120.0.6099.217)","ErrorStackTrace":"   at OpenQA.Selenium.WebDriver.UnpackAndThrowOnError(Response errorResponse, String commandToExecute)\r\n   at OpenQA.Selenium.WebDriver.Execute(String driverCommandToExecute, Dictionary`2 parameters)\r\n   at OpenQA.Selenium.WebDriver.set_Url(String value)\r\n   at OpenQA.Selenium.Navigator.GoToUrl(String url)\r\n   at Karmela.Tests.SoriranjeTest() in C:\\Users\\User\\Documents\\GitHub\\VVS-Karmela\\Core\\Tests\\UnitTest1.cs:line 43\n","DisplayName":"SoriranjeTest","Messages":[],"ComputerName":"BERINA","Duration":"00:00:02.9458270","StartTime":"2024-01-15T11:59:51.7577955+00:00","EndTime":"2024-01-15T11:59:54.7036212+00:00","Properties":[{"Key":{"Id":"NUnit.Seed","Label":"Seed","Category":"","Description":"","Attributes":0,"ValueType":"System.String"},"Value":"108088457"}]}],"TestRunStatistics":{"ExecutedTests":6,"Stats":{"Failed":6}},"ActiveTests":[]},"RunAttachments":[],"ExecutorUris":["executor://nunit3testexecutor/"]}}
TpTrace Verbose: 0 : 26848, 12, 2024/01/15, 12:59:54.770, 1098413166000, vstest.console.dll, TestRequestSender.EndSession: Sending end session.
TpTrace Verbose: 0 : 26848, 12, 2024/01/15, 12:59:54.770, 1098413169419, vstest.console.dll, ProxyOperationManager.Close: waiting for test host to exit for 100 ms
TpTrace Warning: 0 : 26848, 12, 2024/01/15, 12:59:54.873, 1098414198264, vstest.console.dll, ProxyOperationManager: Timed out waiting for test host to exit. Will terminate process.
TpTrace Information: 0 : 26848, 12, 2024/01/15, 12:59:54.873, 1098414201801, vstest.console.dll, SocketServer.Stop: Stop server endPoint: 127.0.0.1:61428
TpTrace Information: 0 : 26848, 12, 2024/01/15, 12:59:54.873, 1098414202611, vstest.console.dll, SocketServer.Stop: Cancellation requested. Stopping message loop.
TpTrace Information: 0 : 26848, 12, 2024/01/15, 12:59:54.873, 1098414205663, vstest.console.dll, Closing the connection
TpTrace Verbose: 0 : 26848, 11, 2024/01/15, 12:59:54.876, 1098414228426, vstest.console.dll, TestHostManagerCallbacks.ctor: Experimental forwarding output is disabled.
TpTrace Warning: 0 : 26848, 11, 2024/01/15, 12:59:54.876, 1098414229907, vstest.console.dll, TestHostManagerCallbacks.ErrorReceivedCallback Test host standard error line: 
TpTrace Verbose: 0 : 26848, 12, 2024/01/15, 12:59:54.896, 1098414434772, vstest.console.dll, TestHostProvider.ExitCallBack: Host exited starting callback.
TpTrace Information: 0 : 26848, 12, 2024/01/15, 12:59:54.897, 1098414438374, vstest.console.dll, TestHostManagerCallbacks.ExitCallBack: Testhost processId: 16208 exited with exitcode: 0 error: '[1705319988.256][SEVERE]: Unable to receive message from renderer
[1705319994.408][SEVERE]: Unable to receive message from renderer
'
TpTrace Verbose: 0 : 26848, 12, 2024/01/15, 12:59:54.897, 1098414441062, vstest.console.dll, DotnetTestHostManager.OnHostExited: invoking OnHostExited callback
TpTrace Verbose: 0 : 26848, 12, 2024/01/15, 12:59:54.897, 1098414442150, vstest.console.dll, CrossPlatEngine.TestHostManagerHostExited: calling on client process exit callback.
TpTrace Information: 0 : 26848, 12, 2024/01/15, 12:59:54.897, 1098414443200, vstest.console.dll, TestRequestSender.OnClientProcessExit: Test host process exited. Standard error: [1705319988.256][SEVERE]: Unable to receive message from renderer
[1705319994.408][SEVERE]: Unable to receive message from renderer

TpTrace Information: 0 : 26848, 12, 2024/01/15, 12:59:54.898, 1098414446388, vstest.console.dll, SocketServer.Stop: Stop server endPoint: 127.0.0.1:61428
TpTrace Information: 0 : 26848, 12, 2024/01/15, 12:59:54.898, 1098414447015, vstest.console.dll, SocketServer.Stop: Cancellation requested. Stopping message loop.
TpTrace Verbose: 0 : 26848, 12, 2024/01/15, 12:59:54.898, 1098414447660, vstest.console.dll, MulticastDelegateUtilities.SafeInvoke: HostProviderEvents.OnHostExited: Invoking callback 1/1 for Microsoft.VisualStudio.TestPlatform.CrossPlatEngine.Client.ProxyOperationManager., took 0 ms.
TpTrace Verbose: 0 : 26848, 12, 2024/01/15, 12:59:54.898, 1098414453767, vstest.console.dll, ProxyDataCollectionManager.InvokeDataCollectionServiceAction: Starting.
TpTrace Information: 0 : 26848, 12, 2024/01/15, 12:59:54.898, 1098414454806, vstest.console.dll, ProxyDataCollectionManager.AfterTestRunEnd: Get attachment set and invoked data collectors processId: 20868 port: 61424
TpTrace Verbose: 0 : 26848, 12, 2024/01/15, 12:59:54.899, 1098414455812, vstest.console.dll, DataCollectionRequestSender.SendAfterTestRunStartAndGetResult: Send AfterTestRunEnd message with isCancelled: False
TpTrace Verbose: 0 : 26848, 12, 2024/01/15, 12:59:54.920, 1098414675237, vstest.console.dll, DataCollectionRequestSender.SendAfterTestRunStartAndGetResult: Received message: (DataCollection.AfterTestRunEndResult) -> {"MessageType":"DataCollection.AfterTestRunEndResult","Payload":{"AttachmentSets":[],"InvokedDataCollectors":[{"Uri":"datacollector://Microsoft/TestPlatform/Extensions/Blame/v1","FriendlyName":"Blame","AssemblyQualifiedName":"Microsoft.TestPlatform.Extensions.BlameDataCollector.BlameCollector, Microsoft.TestPlatform.Extensions.BlameDataCollector, Version=15.0.0.0, Culture=neutral, PublicKeyToken=b03f5f7f11d50a3a","FilePath":"C:\\Program Files\\dotnet\\sdk\\7.0.402\\Extensions\\Microsoft.TestPlatform.Extensions.BlameDataCollector.dll","HasAttachmentProcessor":false}],"Metrics":{}}}
TpTrace Warning: 0 : 26848, 10, 2024/01/15, 12:59:54.933, 1098414795857, vstest.console.dll, DataCollectionLauncher.ErrorReceivedCallback datacollector standard error line: 
TpTrace Information: 0 : 26848, 12, 2024/01/15, 12:59:54.935, 1098414824119, vstest.console.dll, ProxyDataCollectionManager.InvokeDataCollectionServiceAction: Completed.
TpTrace Information: 0 : 26848, 10, 2024/01/15, 12:59:54.966, 1098415131328, vstest.console.dll, DataCollectionLauncher.ExitCallBack: Data collector exited with exitcode: 0 error: ''
TpTrace Verbose: 0 : 26848, 12, 2024/01/15, 12:59:55.132, 1098416793595, vstest.console.dll, TestRunRequest:SendTestRunStatsChange: Starting.
TpTrace Verbose: 0 : 26848, 12, 2024/01/15, 12:59:55.133, 1098416795924, vstest.console.dll, MulticastDelegateUtilities.SafeInvoke: TestRun.RunStatsChanged: Invoking callbacks was skipped because there are no subscribers.
TpTrace Information: 0 : 26848, 12, 2024/01/15, 12:59:55.133, 1098416797251, vstest.console.dll, TestRunRequest:SendTestRunStatsChange: Completed.
TpTrace Verbose: 0 : 26848, 4, 2024/01/15, 12:59:55.133, 1098416800197, vstest.console.dll, MulticastDelegateUtilities.SafeInvoke: InternalTestLoggerEvents.SendTestResult: Invoking callback 1/1 for Microsoft.VisualStudio.TestPlatform.CommandLine.Internal.ConsoleLogger., took 0 ms.
TpTrace Verbose: 0 : 26848, 12, 2024/01/15, 12:59:55.137, 1098416840401, vstest.console.dll, ParallelProxyExecutionManager: HandlePartialRunComplete: Total workloads = 1, Total started clients = 1 Total completed clients = 1, Run complete = True, Run canceled: False.
TpTrace Verbose: 0 : 26848, 12, 2024/01/15, 12:59:55.137, 1098416842123, vstest.console.dll, ParallelProxyExecutionManager: HandlePartialRunComplete: All runs completed stopping all managers.
TpTrace Verbose: 0 : 26848, 12, 2024/01/15, 12:59:55.137, 1098416843150, vstest.console.dll, ParallelOperationManager.StopAllManagers: Stopping all managers.
TpTrace Verbose: 0 : 26848, 12, 2024/01/15, 12:59:55.138, 1098416845990, vstest.console.dll, ParallelOperationManager.ClearSlots: Clearing all slots. Slots should accept more work: False
TpTrace Verbose: 0 : 26848, 12, 2024/01/15, 12:59:55.138, 1098416847688, vstest.console.dll, ParallelOperationManager.SetOccupiedSlotCount: Setting slot counts AvailableSlotCount = 1, OccupiedSlotCount = 0.
TpTrace Verbose: 0 : 26848, 12, 2024/01/15, 12:59:55.138, 1098416849276, vstest.console.dll, Occupied slots:

TpTrace Verbose: 0 : 26848, 4, 2024/01/15, 12:59:55.173, 1098417197354, vstest.console.dll, MulticastDelegateUtilities.SafeInvoke: InternalTestLoggerEvents.SendTestRunComplete: Invoking callback 1/2 for Microsoft.TestPlatform.Extensions.BlameDataCollector.BlameLogger., took 0 ms.
TpTrace Verbose: 0 : 26848, 4, 2024/01/15, 12:59:55.191, 1098417380115, vstest.console.dll, MulticastDelegateUtilities.SafeInvoke: InternalTestLoggerEvents.SendTestRunComplete: Invoking callback 2/2 for Microsoft.VisualStudio.TestPlatform.CommandLine.Internal.ConsoleLogger., took 18 ms.
TpTrace Verbose: 0 : 26848, 12, 2024/01/15, 12:59:55.192, 1098417391394, vstest.console.dll, TestRunRequest:TestRunComplete: Starting. IsAborted:False IsCanceled:False.
TpTrace Verbose: 0 : 26848, 12, 2024/01/15, 12:59:55.192, 1098417395022, vstest.console.dll, ParallelOperationManager.DoActionOnAllManagers: Calling an action on all managers.
TpTrace Verbose: 0 : 26848, 12, 2024/01/15, 12:59:55.196, 1098417430863, vstest.console.dll, TestLoggerManager.HandleTestRunComplete: Ignoring as the object is disposed.
TpTrace Verbose: 0 : 26848, 12, 2024/01/15, 12:59:55.197, 1098417436054, vstest.console.dll, MulticastDelegateUtilities.SafeInvoke: TestRun.TestRunComplete: Invoking callback 1/2 for Microsoft.VisualStudio.TestPlatform.CommandLine.TestRunResultAggregator., took 0 ms.
TpTrace Verbose: 0 : 26848, 12, 2024/01/15, 12:59:55.197, 1098417439435, vstest.console.dll, MulticastDelegateUtilities.SafeInvoke: TestRun.TestRunComplete: Invoking callback 2/2 for Microsoft.VisualStudio.TestPlatform.CommandLine.Processors.RunTestsArgumentExecutor+TestRunRequestEventsRegistrar., took 0 ms.
TpTrace Information: 0 : 26848, 12, 2024/01/15, 12:59:55.197, 1098417443578, vstest.console.dll, TestRunRequest:TestRunComplete: Completed.
TpTrace Verbose: 0 : 26848, 1, 2024/01/15, 12:59:55.197, 1098417444599, vstest.console.dll, TestRunRequest.Dispose: Starting.
TpTrace Verbose: 0 : 26848, 12, 2024/01/15, 12:59:55.197, 1098417444777, vstest.console.dll, TestRequestSender.SetOperationComplete: Setting operation complete.
TpTrace Information: 0 : 26848, 1, 2024/01/15, 12:59:55.198, 1098417446207, vstest.console.dll, TestRunRequest.Dispose: Completed.
TpTrace Information: 0 : 26848, 12, 2024/01/15, 12:59:55.198, 1098417447775, vstest.console.dll, SocketServer.Stop: Stop server endPoint: 127.0.0.1:61428
TpTrace Information: 0 : 26848, 1, 2024/01/15, 12:59:55.198, 1098417448841, vstest.console.dll, TestRequestManager.RunTests: run tests completed.
TpTrace Information: 0 : 26848, 12, 2024/01/15, 12:59:55.198, 1098417449427, vstest.console.dll, SocketServer.Stop: Cancellation requested. Stopping message loop.
TpTrace Verbose: 0 : 26848, 12, 2024/01/15, 12:59:55.198, 1098417451004, vstest.console.dll, MulticastDelegateUtilities.SafeInvoke: LengthPrefixCommunicationChannel: MessageReceived: Invoking callback 1/1 for Microsoft.VisualStudio.TestPlatform.CommunicationUtilities.TestRequestSender+<>c__DisplayClass34_0., took 428 ms.
TpTrace Information: 0 : 26848, 12, 2024/01/15, 12:59:55.198, 1098417452057, vstest.console.dll, SocketServer.PrivateStop: Stopping server endPoint: 127.0.0.1:61428 error: 
TpTrace Information: 0 : 26848, 1, 2024/01/15, 12:59:55.198, 1098417452072, vstest.console.dll, RunTestsArgumentProcessor:Execute: Test run is completed.
TpTrace Verbose: 0 : 26848, 1, 2024/01/15, 12:59:55.199, 1098417458363, vstest.console.dll, Executor.Execute: Exiting with exit code of 1
TpTrace Verbose: 0 : 26848, 12, 2024/01/15, 12:59:55.199, 1098417461177, vstest.console.dll, LengthPrefixCommunicationChannel.Dispose: Dispose reader and writer.
TpTrace Information: 0 : 26848, 12, 2024/01/15, 12:59:55.199, 1098417462734, vstest.console.dll, SocketServer.Stop: Raise disconnected event endPoint: 127.0.0.1:61428 error: 
TpTrace Verbose: 0 : 26848, 12, 2024/01/15, 12:59:55.199, 1098417465007, vstest.console.dll, TestRequestSender: OnTestRunAbort: Operation is already complete. Skip error message.
TpTrace Verbose: 0 : 26848, 12, 2024/01/15, 12:59:55.200, 1098417465992, vstest.console.dll, MulticastDelegateUtilities.SafeInvoke: SocketServer: ClientDisconnected: Invoking callback 1/1 for Microsoft.VisualStudio.TestPlatform.CommunicationUtilities.TestRequestSender., took 0 ms.
TpTrace Verbose: 0 : 26848, 12, 2024/01/15, 12:59:55.200, 1098417466800, vstest.console.dll, TcpClientExtensions.MessageLoopAsync: exiting MessageLoopAsync remoteEndPoint: 127.0.0.1:61429 localEndPoint: 127.0.0.1:61428
